This is LuaHBTeX, Version 1.21.0 (MiKTeX 25.3) (format=lualatex 2025.4.4)  2 JUL 2025 20:44
 restricted system commands enabled.
 file:line:error style messages enabled.
**d:/Arthur_Usuario/Projetos/TCC_SWDFT/escrita_versoes_TCC/escrita_TCC/TCC
(d:/Arthur_Usuario/Projetos/TCC_SWDFT/escrita_versoes_TCC/escrita_TCC/TCC.tex
LaTeX2e <2024-11-01> patch level 2
L3 programming layer <2025-01-18>
Lua module: luaotfload 2024-12-03 v3.29 Lua based OpenType font support
Lua module: lualibs 2023-07-13 v2.76 ConTeXt Lua standard libraries.
Lua module: lualibs-extended 2023-07-13 v2.76 ConTeXt Lua libraries -- extended 
collection.
luaotfload | conf : Root cache directory is "C:/Users/Arthur Augusto/AppData/Loc
al/MiKTeX/luatex-cache/generic/names".
luaotfload | init : Loading fontloader "fontloader-2023-12-28.lua" from kpse-res
olved path "D:/Arthur_Usuario/Recursos/MiKTeX/tex/luatex/luaotfload/fontloader-2
023-12-28.lua".
Lua-only attribute luaotfload@noligature = 1
luaotfload | init : Context OpenType loader version 3.134
Inserting `luaotfload.node_processor' in `pre_linebreak_filter'.
Inserting `luaotfload.node_processor' in `hpack_filter'.
Inserting `luaotfload.glyph_stream' in `glyph_stream_provider'.
Inserting `luaotfload.define_font' in `define_font'.
Lua-only attribute luaotfload_color_attribute = 2
luaotfload | conf : Root cache directory is "C:/Users/Arthur Augusto/AppData/Loc
al/MiKTeX/luatex-cache/generic/names".
Inserting `luaotfload.harf.strip_prefix' in `find_opentype_file'.
Inserting `luaotfload.harf.strip_prefix' in `find_truetype_file'.
Removing  `luaotfload.glyph_stream' from `glyph_stream_provider'.
Inserting `luaotfload.harf.glyphstream' in `glyph_stream_provider'.
Inserting `luaotfload.harf.finalize_vlist' in `post_linebreak_filter'.
Inserting `luaotfload.harf.finalize_hlist' in `hpack_filter'.
Inserting `luaotfload.cleanup_files' in `wrapup_run'.
Inserting `luaotfload.harf.finalize_unicode' in `finish_pdffile'.
Inserting `luaotfload.glyphinfo' in `glyph_info'.
Lua-only attribute luaotfload.letterspace_done = 3
Inserting `luaotfload.aux.set_sscale_dimens' in `luaotfload.patch_font'.
Inserting `luaotfload.aux.set_font_index' in `luaotfload.patch_font'.
Inserting `luaotfload.aux.patch_cambria_domh' in `luaotfload.patch_font'.
Inserting `luaotfload.aux.fixup_fontdata' in `luaotfload.patch_font_unsafe'.
Inserting `luaotfload.aux.set_capheight' in `luaotfload.patch_font'.
Inserting `luaotfload.aux.set_xheight' in `luaotfload.patch_font'.
Inserting `luaotfload.rewrite_fontname' in `luaotfload.patch_font'.
Inserting `tracingstacklevels' in `input_level_string'. (D:/Arthur_Usuario/Recu
rsos/MiKTeX/tex/latex/base/article.cls
Document Class: article 2024/06/29 v1.4n Standard LaTeX document class
(D:/Arthur_Usuario/Recursos/MiKTeX/tex/latex/base/size12.clo
File: size12.clo 2024/06/29 v1.4n Standard LaTeX file (size option)
luaotfload | db : Font names database loaded from C:/Users/Arthur Augusto/AppDat
a/Local/MiKTeX/luatex-cache/generic/names/luaotfload-names.luc.gz)
\c@part=\count194
\c@section=\count195
\c@subsection=\count196
\c@subsubsection=\count197
\c@paragraph=\count198
\c@subparagraph=\count199
\c@figure=\count266
\c@table=\count267
\abovecaptionskip=\skip49
\belowcaptionskip=\skip50
\bibindent=\dimen140
)
(./preambulo/pacotes.tex
(D:/Arthur_Usuario/Recursos/MiKTeX/tex/latex/graphics/graphicx.sty
Package: graphicx 2021/09/16 v1.2d Enhanced LaTeX Graphics (DPC,SPQR)

(D:/Arthur_Usuario/Recursos/MiKTeX/tex/latex/graphics/keyval.sty
Package: keyval 2022/05/29 v1.15 key=value parser (DPC)
\KV@toks@=\toks17
)
(D:/Arthur_Usuario/Recursos/MiKTeX/tex/latex/graphics/graphics.sty
Package: graphics 2024/08/06 v1.4g Standard LaTeX Graphics (DPC,SPQR)

(D:/Arthur_Usuario/Recursos/MiKTeX/tex/latex/graphics/trig.sty
Package: trig 2023/12/02 v1.11 sin cos tan (DPC)
)
(D:/Arthur_Usuario/Recursos/MiKTeX/tex/latex/graphics-cfg/graphics.cfg
File: graphics.cfg 2016/06/04 v1.11 sample graphics configuration
)
Package graphics Info: Driver file: luatex.def on input line 106.

(D:/Arthur_Usuario/Recursos/MiKTeX/tex/latex/graphics-def/luatex.def
File: luatex.def 2024/04/13 v1.2e Graphics/color driver for luatex
))
\Gin@req@height=\dimen141
\Gin@req@width=\dimen142
)
(D:/Arthur_Usuario/Recursos/MiKTeX/tex/latex/geometry/geometry.sty
Package: geometry 2020/01/02 v5.9 Page Geometry

(D:/Arthur_Usuario/Recursos/MiKTeX/tex/generic/iftex/ifvtex.sty
Package: ifvtex 2019/10/25 v1.7 ifvtex legacy package. Use iftex instead.

(D:/Arthur_Usuario/Recursos/MiKTeX/tex/generic/iftex/iftex.sty
Package: iftex 2024/12/12 v1.0g TeX engine tests
))
\Gm@cnth=\count268
\Gm@cntv=\count269
\c@Gm@tempcnt=\count270
\Gm@bindingoffset=\dimen143
\Gm@wd@mp=\dimen144
\Gm@odd@mp=\dimen145
\Gm@even@mp=\dimen146
\Gm@layoutwidth=\dimen147
\Gm@layoutheight=\dimen148
\Gm@layouthoffset=\dimen149
\Gm@layoutvoffset=\dimen150
\Gm@dimlist=\toks18

(D:/Arthur_Usuario/Recursos/MiKTeX/tex/latex/geometry/geometry.cfg))
(D:/Arthur_Usuario/Recursos/MiKTeX/tex/latex/ragged2e/ragged2e.sty
Package: ragged2e 2023/06/22 v3.6 ragged2e Package
\CenteringLeftskip=\skip51
\RaggedLeftLeftskip=\skip52
\RaggedRightLeftskip=\skip53
\CenteringRightskip=\skip54
\RaggedLeftRightskip=\skip55
\RaggedRightRightskip=\skip56
\CenteringParfillskip=\skip57
\RaggedLeftParfillskip=\skip58
\RaggedRightParfillskip=\skip59
\JustifyingParfillskip=\skip60
\CenteringParindent=\skip61
\RaggedLeftParindent=\skip62
\RaggedRightParindent=\skip63
\JustifyingParindent=\skip64
)
(D:/Arthur_Usuario/Recursos/MiKTeX/tex/latex/fontspec/fontspec.sty
(D:/Arthur_Usuario/Recursos/MiKTeX/tex/latex/l3packages/xparse/xparse.sty
(D:/Arthur_Usuario/Recursos/MiKTeX/tex/latex/l3kernel/expl3.sty
Package: expl3 2025-01-18 L3 programming layer (loader) 

(D:/Arthur_Usuario/Recursos/MiKTeX/tex/latex/l3backend/l3backend-luatex.def
File: l3backend-luatex.def 2024-05-08 L3 backend support: PDF output (LuaTeX)
\l__color_backend_stack_int=\count271
Inserting `l3color' in `luaotfload.parse_color'.
\l__pdf_internal_box=\box52
))
Package: xparse 2024-08-16 L3 Experimental document command parser
)
Package: fontspec 2024/05/11 v2.9e Font selection for XeLaTeX and LuaLaTeX
Lua module: fontspec 2024/05/11 v2.9e Font selection for XeLaTeX and LuaLaTeX
(D:/Arthur_Usuario/Recursos/MiKTeX/tex/latex/fontspec/fontspec-luatex.sty
Package: fontspec-luatex 2024/05/11 v2.9e Font selection for XeLaTeX and LuaLaT
eX
\l__fontspec_script_int=\count272
\l__fontspec_language_int=\count273
\l__fontspec_strnum_int=\count274
\l__fontspec_tmp_int=\count275
\l__fontspec_tmpa_int=\count276
\l__fontspec_tmpb_int=\count277
\l__fontspec_tmpc_int=\count278
\l__fontspec_em_int=\count279
\l__fontspec_emdef_int=\count280
\l__fontspec_strong_int=\count281
\l__fontspec_strongdef_int=\count282
\l__fontspec_tmpa_dim=\dimen151
\l__fontspec_tmpb_dim=\dimen152
\l__fontspec_tmpc_dim=\dimen153

(D:/Arthur_Usuario/Recursos/MiKTeX/tex/latex/base/fontenc.sty
Package: fontenc 2021/04/29 v2.0v Standard LaTeX package
)
(D:/Arthur_Usuario/Recursos/MiKTeX/tex/latex/fontspec/fontspec.cfg)))
(D:/Arthur_Usuario/Recursos/MiKTeX/tex/latex/setspace/setspace.sty
Package: setspace 2022/12/04 v6.7b set line spacing
)
(D:/Arthur_Usuario/Recursos/MiKTeX/tex/latex/comment/comment.sty
\CommentStream=\write3

Excluding comment 'comment')
(D:/Arthur_Usuario/Recursos/MiKTeX/tex/latex/fancyhdr/fancyhdr.sty
Package: fancyhdr 2025/02/07 v5.2 Extensive control of page headers and footers

\f@nch@headwidth=\skip65
\f@nch@offset@elh=\skip66
\f@nch@offset@erh=\skip67
\f@nch@offset@olh=\skip68
\f@nch@offset@orh=\skip69
\f@nch@offset@elf=\skip70
\f@nch@offset@erf=\skip71
\f@nch@offset@olf=\skip72
\f@nch@offset@orf=\skip73
\f@nch@height=\skip74
\f@nch@footalignment=\skip75
\f@nch@widthL=\skip76
\f@nch@widthC=\skip77
\f@nch@widthR=\skip78
\@temptokenb=\toks19
)
(D:/Arthur_Usuario/Recursos/MiKTeX/tex/latex/lipsum/lipsum.sty
(D:/Arthur_Usuario/Recursos/MiKTeX/tex/latex/l3packages/l3keys2e/l3keys2e.sty
Package: l3keys2e 2024-08-16 LaTeX2e option processing using LaTeX3 keys
)
Package: lipsum 2021-09-20 v2.7 150 paragraphs of Lorem Ipsum dummy text
\g__lipsum_par_int=\count283
\l__lipsum_a_int=\count284
\l__lipsum_b_int=\count285

(D:/Arthur_Usuario/Recursos/MiKTeX/tex/latex/lipsum/lipsum.ltd.tex))
(D:/Arthur_Usuario/Recursos/MiKTeX/tex/latex/footmisc/footmisc.sty
Package: footmisc 2025/05/09 v7.0b a miscellany of footnote facilities

(D:/Arthur_Usuario/Recursos/MiKTeX/tex/latex/footmisc/footmisc-2022-02-14.sty
Package: footmisc 2024/12/24 v6.0g a miscellany of footnote facilities
\FN@temptoken=\toks20
\footnotemargin=\dimen154
\@outputbox@depth=\dimen155
Package footmisc Info: Declaring symbol style bringhurst on input line 699.
Package footmisc Info: Declaring symbol style chicago on input line 707.
Package footmisc Info: Declaring symbol style wiley on input line 716.
Package footmisc Info: Declaring symbol style lamport-robust on input line 727.

Package footmisc Info: Declaring symbol style lamport* on input line 747.
Package footmisc Info: Declaring symbol style lamport*-robust on input line 768
.
)) (D:/Arthur_Usuario/Recursos/MiKTeX/tex/latex/pdfpages/pdfpages.sty
Package: pdfpages 2025/03/12 v0.6f Insert pages of external PDF documents (AM)

(D:/Arthur_Usuario/Recursos/MiKTeX/tex/latex/base/ifthen.sty
Package: ifthen 2024/03/16 v1.1e Standard LaTeX ifthen package (DPC)
)
(D:/Arthur_Usuario/Recursos/MiKTeX/tex/latex/tools/calc.sty
Package: calc 2023/07/08 v4.3 Infix arithmetic (KKT,FJ)
\calc@Acount=\count286
\calc@Bcount=\count287
\calc@Adimen=\dimen156
\calc@Bdimen=\dimen157
\calc@Askip=\skip79
\calc@Bskip=\skip80
LaTeX Info: Redefining \setlength on input line 80.
LaTeX Info: Redefining \addtolength on input line 81.
\calc@Ccount=\count288
\calc@Cskip=\skip81
)
(D:/Arthur_Usuario/Recursos/MiKTeX/tex/latex/eso-pic/eso-pic.sty
Package: eso-pic 2023/05/03 v3.0c eso-pic (RN)
\ESO@tempdima=\dimen158
\ESO@tempdimb=\dimen159

(D:/Arthur_Usuario/Recursos/MiKTeX/tex/latex/xcolor/xcolor.sty
Package: xcolor 2024/09/29 v3.02 LaTeX color extensions (UK)

(D:/Arthur_Usuario/Recursos/MiKTeX/tex/latex/graphics-cfg/color.cfg
File: color.cfg 2016/01/02 v1.6 sample color configuration
)
Package xcolor Info: Driver file: luatex.def on input line 274.

(D:/Arthur_Usuario/Recursos/MiKTeX/tex/latex/graphics/mathcolor.ltx)
Package xcolor Info: Model `cmy' substituted by `cmy0' on input line 1349.
Package xcolor Info: Model `hsb' substituted by `rgb' on input line 1353.
Package xcolor Info: Model `RGB' extended on input line 1365.
Package xcolor Info: Model `HTML' substituted by `rgb' on input line 1367.
Package xcolor Info: Model `Hsb' substituted by `hsb' on input line 1368.
Package xcolor Info: Model `tHsb' substituted by `hsb' on input line 1369.
Package xcolor Info: Model `HSB' substituted by `hsb' on input line 1370.
Package xcolor Info: Model `Gray' substituted by `gray' on input line 1371.
Package xcolor Info: Model `wave' substituted by `hsb' on input line 1372.
))
(D:/Arthur_Usuario/Recursos/MiKTeX/tex/latex/etoolbox/etoolbox.sty
Package: etoolbox 2025/02/11 v2.5l e-TeX tools for LaTeX (JAW)
\etb@tempcnta=\count289
)
\AM@pagewidth=\dimen160
\AM@pageheight=\dimen161
\AM@fboxrule=\dimen162

(D:/Arthur_Usuario/Recursos/MiKTeX/tex/latex/pdfpages/ppluatex.def
File: ppluatex.def 2025/03/12 v0.6f Pdfpages driver for LuaTeX (AM)
)
\pdfpages@includegraphics@status=\count290
\AM@pagebox=\box53
\AM@global@opts=\toks21
\AM@pagecnt=\count291
\AM@toc@title=\toks22
\AM@lof@heading=\toks23
\c@AM@survey=\count292
\AM@templatesizebox=\box54
)
(D:/Arthur_Usuario/Recursos/MiKTeX/tex/latex/csquotes/csquotes.sty
Package: csquotes 2024-04-04 v5.2o context-sensitive quotations (JAW)
\csq@reset=\count293
\csq@gtype=\count294
\csq@glevel=\count295
\csq@qlevel=\count296
\csq@maxlvl=\count297
\csq@tshold=\count298
\csq@ltx@everypar=\toks24

(D:/Arthur_Usuario/Recursos/MiKTeX/tex/latex/csquotes/csquotes.def
File: csquotes.def 2024-04-04 v5.2o csquotes generic definitions (JAW)
)
Package csquotes Info: Trying to load configuration file 'csquotes.cfg'...
Package csquotes Info: ... configuration file loaded successfully.

(D:/Arthur_Usuario/Recursos/MiKTeX/tex/latex/csquotes/csquotes.cfg
File: csquotes.cfg 
))
(D:/Arthur_Usuario/Recursos/MiKTeX/tex/latex/booktabs/booktabs.sty
Package: booktabs 2020/01/12 v1.61803398 Publication quality tables
\heavyrulewidth=\dimen163
\lightrulewidth=\dimen164
\cmidrulewidth=\dimen165
\belowrulesep=\dimen166
\belowbottomsep=\dimen167
\aboverulesep=\dimen168
\abovetopsep=\dimen169
\cmidrulesep=\dimen170
\cmidrulekern=\dimen171
\defaultaddspace=\dimen172
\@cmidla=\count299
\@cmidlb=\count300
\@aboverulesep=\dimen173
\@belowrulesep=\dimen174
\@thisruleclass=\count301
\@lastruleclass=\count302
\@thisrulewidth=\dimen175
)
(D:/Arthur_Usuario/Recursos/MiKTeX/tex/generic/babel/babel.sty
Package: babel 2025/03/27 v25.6 The multilingual framework for pdfLaTeX, LuaLaT
eX and XeLaTeX

(D:/Arthur_Usuario/Recursos/MiKTeX/tex/generic/babel/luababel.def
\bbl@readstream=\read2
\l@afrikaans=\language2
Package babel Info: Non-standard hyphenation setup on input line 118.
\l@ancientgreek=\language3
\l@armenian=\language4
\l@assamese=\language5
\l@basque=\language6
\l@belarusian=\language7
\l@bengali=\language8
\l@bokmal=\language9
\l@bulgarian=\language10
\l@catalan=\language11
\l@churchslavonic=\language12
\l@classiclatin=\language13
\l@coptic=\language14
\l@croatian=\language15
\l@czech=\language16
\l@danish=\language17
\l@dutch=\language18
\l@esperanto=\language19
\l@estonian=\language20
\l@ethiopic=\language21
\l@finnish=\language22
\l@french=\language23
\l@friulan=\language24
\l@galician=\language25
\l@georgian=\language26
\l@german=\language27
\l@greek=\language28
\l@gujarati=\language29
\l@hindi=\language30
\l@hungarian=\language31
\l@icelandic=\language32
\l@indonesian=\language33
\l@interlingua=\language34
\l@irish=\language35
\l@italian=\language36
\l@kannada=\language37
\l@kurmanji=\language38
\l@latin=\language39
\l@latvian=\language40
\l@lithuanian=\language41
\l@liturgicallatin=\language42
\l@macedonian=\language43
\l@malayalam=\language44
\l@marathi=\language45
\l@mongolian=\language46
\l@mongolianlmc=\language47
\l@monogreek=\language48
\l@ngerman=\language49
\l@nynorsk=\language50
\l@occitan=\language51
\l@oriya=\language52
\l@pali=\language53
\l@panjabi=\language54
\l@piedmontese=\language55
\l@polish=\language56
\l@portuguese=\language57
\l@romanian=\language58
\l@romansh=\language59
\l@russian=\language60
\l@sanskrit=\language61
\l@serbian=\language62
\l@serbianc=\language63
\l@slovak=\language64
\l@slovenian=\language65
\l@spanish=\language66
\l@swedish=\language67
\l@swissgerman=\language68
\l@tamil=\language69
\l@telugu=\language70
\l@thai=\language71
\l@turkish=\language72
\l@turkmen=\language73
\l@ukenglish=\language74
\l@ukrainian=\language75
\l@uppersorbian=\language76
\l@usenglishmax=\language77
\l@welsh=\language78
\babelcatcodetablenum=\catcodetable14
\bbl@pattcodes=\catcodetable15
)
\babel@savecnt=\count303
\U@D=\dimen176
\l@unhyphenated=\language79

(D:/Arthur_Usuario/Recursos/MiKTeX/tex/generic/babel/luababel.def
\bbl@attr@locale=\attribute4
)
*************************************
* Local config file bblopts.cfg used
*
(D:/Arthur_Usuario/Recursos/MiKTeX/tex/latex/arabi/bblopts.cfg
File: bblopts.cfg 2005/09/08 v0.1 add Arabic and Farsi to "declared" options of
 babel
)
(D:/Arthur_Usuario/Recursos/MiKTeX/tex/latex/babel-portuges/brazilian.ldf
Language: portuges 2021/07/09 v1.2t Portuguese support from the babel system
Package babel Info: Hyphen rules for 'brazilian' set to \l@portuguese
(babel)             (\language57). Reported on input line 111.
Package babel Info: Making " an active character on input line 143.

(D:/Arthur_Usuario/Recursos/MiKTeX/tex/generic/hyph-utf8/loadhyph/loadhyph-pt.t
ex UTF-8 Portuguese hyphenation patterns
(D:/Arthur_Usuario/Recursos/MiKTeX/tex/generic/hyph-utf8/patterns/tex/hyph-pt.t
ex))))
(D:/Arthur_Usuario/Recursos/MiKTeX/tex/generic/babel/locale/pt/babel-brazilian.
tex
Package babel Info: Importing font and identification data for brazilian
(babel)             from babel-pt-BR.ini. Reported on input line 11.
) (D:/Arthur_Usuario/Recursos/MiKTeX/tex/latex/biblatex/biblatex.sty
Package: biblatex 2024/03/21 v3.20 programmable bibliographies (PK/MW)

(D:/Arthur_Usuario/Recursos/MiKTeX/tex/generic/pdftexcmds/pdftexcmds.sty
Package: pdftexcmds 2020-06-27 v0.33 Utility functions of pdfTeX for LuaTeX (HO
)

(D:/Arthur_Usuario/Recursos/MiKTeX/tex/generic/infwarerr/infwarerr.sty
Package: infwarerr 2019/12/03 v1.5 Providing info/warning/error messages (HO)
)
(D:/Arthur_Usuario/Recursos/MiKTeX/tex/generic/ltxcmds/ltxcmds.sty
Package: ltxcmds 2023-12-04 v1.26 LaTeX kernel commands for general use (HO)
)
Package pdftexcmds Info: \pdf@primitive is available.
Package pdftexcmds Info: \pdf@ifprimitive is available.
Package pdftexcmds Info: \pdfdraftmode found.
\pdftexcmds@toks=\toks25
)
(D:/Arthur_Usuario/Recursos/MiKTeX/tex/latex/kvoptions/kvoptions.sty
Package: kvoptions 2022-06-15 v3.15 Key value format for package options (HO)

(D:/Arthur_Usuario/Recursos/MiKTeX/tex/latex/kvsetkeys/kvsetkeys.sty
Package: kvsetkeys 2022-10-05 v1.19 Key value parser (HO)
))
(D:/Arthur_Usuario/Recursos/MiKTeX/tex/latex/logreq/logreq.sty
Package: logreq 2010/08/04 v1.0 xml request logger
\lrq@indent=\count304

(D:/Arthur_Usuario/Recursos/MiKTeX/tex/latex/logreq/logreq.def
File: logreq.def 2010/08/04 v1.0 logreq spec v1.0
))
(D:/Arthur_Usuario/Recursos/MiKTeX/tex/latex/url/url.sty
\Urlmuskip=\muskip17
Package: url 2013/09/16  ver 3.4  Verb mode for urls, etc.
)
\c@tabx@nest=\count305
\c@listtotal=\count306
\c@listcount=\count307
\c@liststart=\count308
\c@liststop=\count309
\c@citecount=\count310
\c@citetotal=\count311
\c@multicitecount=\count312
\c@multicitetotal=\count313
\c@instcount=\count314
\c@maxnames=\count315
\c@minnames=\count316
\c@maxitems=\count317
\c@minitems=\count318
\c@citecounter=\count319
\c@maxcitecounter=\count320
\c@savedcitecounter=\count321
\c@uniquelist=\count322
\c@uniquename=\count323
\c@refsection=\count324
\c@refsegment=\count325
\c@maxextratitle=\count326
\c@maxextratitleyear=\count327
\c@maxextraname=\count328
\c@maxextradate=\count329
\c@maxextraalpha=\count330
\c@abbrvpenalty=\count331
\c@highnamepenalty=\count332
\c@lownamepenalty=\count333
\c@maxparens=\count334
\c@parenlevel=\count335
\blx@tempcnta=\count336
\blx@tempcntb=\count337
\blx@tempcntc=\count338
\c@blx@maxsection=\count339
\blx@maxsegment@0=\count340
\blx@notetype=\count341
\blx@parenlevel@text=\count342
\blx@parenlevel@foot=\count343
\blx@sectionciteorder@0=\count344
\blx@sectionciteorderinternal@0=\count345
\blx@entrysetcounter=\count346
\blx@biblioinstance=\count347
\labelnumberwidth=\skip82
\labelalphawidth=\skip83
\biblabelsep=\skip84
\bibitemsep=\skip85
\bibnamesep=\skip86
\bibinitsep=\skip87
\bibparsep=\skip88
\bibhang=\skip89
\blx@bcfin=\read3
\blx@bcfout=\write4
\blx@langwohyphens=\language80
\c@mincomprange=\count348
\c@maxcomprange=\count349
\c@mincompwidth=\count350
Package biblatex Info: Trying to load biblatex default data model...
Package biblatex Info: ... file 'blx-dm.def' found.

(D:/Arthur_Usuario/Recursos/MiKTeX/tex/latex/biblatex/blx-dm.def
File: blx-dm.def 2024/03/21 v3.20 biblatex datamodel (PK/MW)
)
Package biblatex Info: Trying to load biblatex citestyle data model...
Package biblatex Info: ... file 'abnt.dbx' not found.
Package biblatex Info: Trying to load biblatex custom data model...
Package biblatex Info: ... file 'biblatex-dm.cfg' not found.
\c@afterword=\count351
\c@savedafterword=\count352
\c@annotator=\count353
\c@savedannotator=\count354
\c@author=\count355
\c@savedauthor=\count356
\c@bookauthor=\count357
\c@savedbookauthor=\count358
\c@commentator=\count359
\c@savedcommentator=\count360
\c@editor=\count361
\c@savededitor=\count362
\c@editora=\count363
\c@savededitora=\count364
\c@editorb=\count365
\c@savededitorb=\count366
\c@editorc=\count367
\c@savededitorc=\count368
\c@foreword=\count369
\c@savedforeword=\count370
\c@holder=\count371
\c@savedholder=\count372
\c@introduction=\count373
\c@savedintroduction=\count374
\c@namea=\count375
\c@savednamea=\count376
\c@nameb=\count377
\c@savednameb=\count378
\c@namec=\count379
\c@savednamec=\count380
\c@translator=\count381
\c@savedtranslator=\count382
\c@shortauthor=\count383
\c@savedshortauthor=\count384
\c@shorteditor=\count385
\c@savedshorteditor=\count386
\c@labelname=\count387
\c@savedlabelname=\count388
\c@institution=\count389
\c@savedinstitution=\count390
\c@lista=\count391
\c@savedlista=\count392
\c@listb=\count393
\c@savedlistb=\count394
\c@listc=\count395
\c@savedlistc=\count396
\c@listd=\count397
\c@savedlistd=\count398
\c@liste=\count399
\c@savedliste=\count400
\c@listf=\count401
\c@savedlistf=\count402
\c@location=\count403
\c@savedlocation=\count404
\c@organization=\count405
\c@savedorganization=\count406
\c@origlocation=\count407
\c@savedoriglocation=\count408
\c@origpublisher=\count409
\c@savedorigpublisher=\count410
\c@publisher=\count411
\c@savedpublisher=\count412
\c@language=\count413
\c@savedlanguage=\count414
\c@origlanguage=\count415
\c@savedoriglanguage=\count416
\c@pageref=\count417
\c@savedpageref=\count418
\shorthandwidth=\skip90
\shortjournalwidth=\skip91
\shortserieswidth=\skip92
\shorttitlewidth=\skip93
\shortauthorwidth=\skip94
\shorteditorwidth=\skip95
\locallabelnumberwidth=\skip96
\locallabelalphawidth=\skip97
\localshorthandwidth=\skip98
\localshortjournalwidth=\skip99
\localshortserieswidth=\skip100
\localshorttitlewidth=\skip101
\localshortauthorwidth=\skip102
\localshorteditorwidth=\skip103
Package biblatex Info: Trying to load enhanced support for Unicode engines...
Package biblatex Info: ... file 'blx-unicode.def' found.

(D:/Arthur_Usuario/Recursos/MiKTeX/tex/latex/biblatex/blx-unicode.def)
Package biblatex Info: Trying to load compatibility code...
Package biblatex Info: ... file 'blx-compat.def' found.

(D:/Arthur_Usuario/Recursos/MiKTeX/tex/latex/biblatex/blx-compat.def
File: blx-compat.def 2024/03/21 v3.20 biblatex compatibility (PK/MW)
)
Package biblatex Info: Trying to load generic definitions...
Package biblatex Info: ... file 'biblatex.def' found.

(D:/Arthur_Usuario/Recursos/MiKTeX/tex/latex/biblatex/biblatex.def
File: biblatex.def 2024/03/21 v3.20 biblatex compatibility (PK/MW)
\c@textcitecount=\count419
\c@textcitetotal=\count420
\c@textcitemaxnames=\count421
\c@biburlbigbreakpenalty=\count422
\c@biburlbreakpenalty=\count423
\c@biburlnumpenalty=\count424
\c@biburlucpenalty=\count425
\c@biburllcpenalty=\count426
\biburlbigskip=\muskip18
\biburlnumskip=\muskip19
\biburlucskip=\muskip20
\biburllcskip=\muskip21
\c@smartand=\count427
)
Package biblatex Info: Trying to load bibliography style 'abnt'...
Package biblatex Info: ... file 'abnt.bbx' found.

(D:/Arthur_Usuario/Recursos/MiKTeX/tex/latex/biblatex-abnt/bbx/abnt.bbx
File: abnt.bbx 2018-11-17 v3.4 ABNT BibLaTeX citation style

(D:/Arthur_Usuario/Recursos/MiKTeX/tex/latex/xpatch/xpatch.sty
Package: xpatch 2020/03/25 v0.3a Extending etoolbox patching commands
)
Package biblatex Info: Trying to load bibliography style 'standard'...
Package biblatex Info: ... file 'standard.bbx' found.

(D:/Arthur_Usuario/Recursos/MiKTeX/tex/latex/biblatex/bbx/standard.bbx
File: standard.bbx 2024/03/21 v3.20 biblatex bibliography style (PK/MW)
\c@bbx:relatedcount=\count428
\c@bbx:relatedtotal=\count429
))
Package biblatex Info: Trying to load citation style 'abnt'...
Package biblatex Info: ... file 'abnt.cbx' found.

(D:/Arthur_Usuario/Recursos/MiKTeX/tex/latex/biblatex-abnt/cbx/abnt.cbx
File: abnt.cbx 2018-11-17 v3.4 ABNT BibLaTeX citation style
Package biblatex Info: Trying to load citation style 'authoryear-comp'...
Package biblatex Info: ... file 'authoryear-comp.cbx' found.

(D:/Arthur_Usuario/Recursos/MiKTeX/tex/latex/biblatex/cbx/authoryear-comp.cbx
File: authoryear-comp.cbx 2024/03/21 v3.20 biblatex citation style (PK/MW)
Package biblatex Info: Redefining '\cite'.
Package biblatex Info: Redefining '\parencite'.
Package biblatex Info: Redefining '\footcite'.
Package biblatex Info: Redefining '\footcitetext'.
Package biblatex Info: Redefining '\smartcite'.
Package biblatex Info: Redefining '\textcite'.
Package biblatex Info: Redefining '\textcites'.
Package biblatex Info: Redefining '\cites'.
Package biblatex Info: Redefining '\parencites'.
Package biblatex Info: Redefining '\footcites'.
Package biblatex Info: Redefining '\footcitetexts'.
Package biblatex Info: Redefining '\smartcites'.
)
Package biblatex Info: Redefining '\cite'.
Package biblatex Info: Redefining '\cites'.
Package biblatex Info: Redefining '\footcite'.
Package biblatex Info: Redefining '\footcites'.
Package biblatex Info: Redefining '\citetitle'.
Package biblatex Info: Redefining '\smartcite'.
Package biblatex Info: Redefining '\citeauthor'.
Package biblatex Info: Redefining '\citeyear'.
)
Package biblatex Info: Trying to load configuration file...
Package biblatex Info: ... file 'biblatex.cfg' found.
(D:/Arthur_Usuario/Recursos/MiKTeX/tex/latex/biblatex/biblatex.cfg
File: biblatex.cfg 
)
Package biblatex Info: LuaTeX detected.
(biblatex)             Assuming input encoding 'utf8'.
Package biblatex Info: Document encoding is UTF8 ....
Package biblatex Info: ... and expl3
(biblatex)             2025-01-18 L3 programming layer (loader) 
(biblatex)             is new enough (at least 2020/04/06),
(biblatex)             setting 'casechanger=expl3'.

(D:/Arthur_Usuario/Recursos/MiKTeX/tex/latex/biblatex/blx-case-expl3.sty
Package: blx-case-expl3 2024/03/21 v3.20 expl3 case changing code for biblatex
))
(D:/Arthur_Usuario/Recursos/MiKTeX/tex/latex/hyperref/hyperref.sty
Package: hyperref 2024-11-05 v7.01l Hypertext links for LaTeX

(D:/Arthur_Usuario/Recursos/MiKTeX/tex/generic/kvdefinekeys/kvdefinekeys.sty
Package: kvdefinekeys 2019-12-19 v1.6 Define keys (HO)
)
(D:/Arthur_Usuario/Recursos/MiKTeX/tex/generic/pdfescape/pdfescape.sty
Package: pdfescape 2019/12/09 v1.15 Implements pdfTeX's escape features (HO)
)
(D:/Arthur_Usuario/Recursos/MiKTeX/tex/latex/hycolor/hycolor.sty
Package: hycolor 2020-01-27 v1.10 Color options for hyperref/bookmark (HO)
)
(D:/Arthur_Usuario/Recursos/MiKTeX/tex/latex/hyperref/nameref.sty
Package: nameref 2023-11-26 v2.56 Cross-referencing by name of section

(D:/Arthur_Usuario/Recursos/MiKTeX/tex/latex/refcount/refcount.sty
Package: refcount 2019/12/15 v3.6 Data extraction from label references (HO)
)
(D:/Arthur_Usuario/Recursos/MiKTeX/tex/generic/gettitlestring/gettitlestring.st
y
Package: gettitlestring 2019/12/15 v1.6 Cleanup title references (HO)
)
\c@section@level=\count430
) (D:/Arthur_Usuario/Recursos/MiKTeX/tex/generic/stringenc/stringenc.sty
Package: stringenc 2019/11/29 v1.12 Convert strings between diff. encodings (HO
)
)
\@linkdim=\dimen177
\Hy@linkcounter=\count431
\Hy@pagecounter=\count432

(D:/Arthur_Usuario/Recursos/MiKTeX/tex/latex/hyperref/pd1enc.def
File: pd1enc.def 2024-11-05 v7.01l Hyperref: PDFDocEncoding definition (HO)
)
(D:/Arthur_Usuario/Recursos/MiKTeX/tex/generic/intcalc/intcalc.sty
Package: intcalc 2019/12/15 v1.3 Expandable calculations with integers (HO)
)
\Hy@SavedSpaceFactor=\count433

(D:/Arthur_Usuario/Recursos/MiKTeX/tex/latex/hyperref/puenc.def
File: puenc.def 2024-11-05 v7.01l Hyperref: PDF Unicode definition (HO)
)
Package hyperref Info: Hyper figures OFF on input line 4157.
Package hyperref Info: Link nesting OFF on input line 4162.
Package hyperref Info: Hyper index ON on input line 4165.
Package hyperref Info: Plain pages OFF on input line 4172.
Package hyperref Info: Backreferencing OFF on input line 4177.
Package hyperref Info: Implicit mode ON; LaTeX internals redefined.
Package hyperref Info: Bookmarks ON on input line 4424.
\c@Hy@tempcnt=\count434
LaTeX Info: Redefining \url on input line 4763.
\XeTeXLinkMargin=\dimen178

(D:/Arthur_Usuario/Recursos/MiKTeX/tex/generic/bitset/bitset.sty
Package: bitset 2019/12/09 v1.3 Handle bit-vector datatype (HO)

(D:/Arthur_Usuario/Recursos/MiKTeX/tex/generic/bigintcalc/bigintcalc.sty
Package: bigintcalc 2019/12/15 v1.5 Expandable calculations on big integers (HO
)
))
\Fld@menulength=\count435
\Field@Width=\dimen179
\Fld@charsize=\dimen180
Package hyperref Info: Hyper figures OFF on input line 6042.
Package hyperref Info: Link nesting OFF on input line 6047.
Package hyperref Info: Hyper index ON on input line 6050.
Package hyperref Info: backreferencing OFF on input line 6057.
Package hyperref Info: Link coloring OFF on input line 6062.
Package hyperref Info: Link coloring with OCG OFF on input line 6067.
Package hyperref Info: PDF/A mode OFF on input line 6072.

(D:/Arthur_Usuario/Recursos/MiKTeX/tex/latex/base/atbegshi-ltx.sty
Package: atbegshi-ltx 2021/01/10 v1.0c Emulation of the original atbegshi
package with kernel methods
)
\Hy@abspage=\count436
\c@Item=\count437
\c@Hfootnote=\count438
)
Package hyperref Info: Driver (autodetected): hluatex.

(D:/Arthur_Usuario/Recursos/MiKTeX/tex/latex/hyperref/hluatex.def
File: hluatex.def 2024-11-05 v7.01l Hyperref driver for luaTeX

(D:/Arthur_Usuario/Recursos/MiKTeX/tex/latex/base/atveryend-ltx.sty
Package: atveryend-ltx 2020/08/19 v1.0a Emulation of the original atveryend pac
kage
with kernel methods
)
\Fld@listcount=\count439
\c@bookmark@seq@number=\count440

(D:/Arthur_Usuario/Recursos/MiKTeX/tex/latex/rerunfilecheck/rerunfilecheck.sty
Package: rerunfilecheck 2022-07-10 v1.10 Rerun checks for auxiliary files (HO)

(D:/Arthur_Usuario/Recursos/MiKTeX/tex/generic/uniquecounter/uniquecounter.sty
Package: uniquecounter 2019/12/15 v1.4 Provide unlimited unique counter (HO)
)
Package uniquecounter Info: New unique counter `rerunfilecheck' on input line 2
85.
)
\Hy@SectionHShift=\skip104
) (D:/Arthur_Usuario/Recursos/MiKTeX/tex/latex/amsfonts/amssymb.sty
Package: amssymb 2013/01/14 v3.01 AMS font symbols

(D:/Arthur_Usuario/Recursos/MiKTeX/tex/latex/amsfonts/amsfonts.sty
Package: amsfonts 2013/01/14 v3.01 Basic AMSFonts support
\@emptytoks=\toks26
\symAMSa=\mathgroup4
\symAMSb=\mathgroup5
LaTeX Font Info:    Redeclaring math symbol \hbar on input line 98.
LaTeX Font Info:    Overwriting math alphabet `\mathfrak' in version `bold'
(Font)                  U/euf/m/n --> U/euf/b/n on input line 106.
))
(D:/Arthur_Usuario/Recursos/MiKTeX/tex/latex/amsmath/amsmath.sty
Package: amsmath 2024/11/05 v2.17t AMS math features
\@mathmargin=\skip105

For additional information on amsmath, use the `?' option.
(D:/Arthur_Usuario/Recursos/MiKTeX/tex/latex/amsmath/amstext.sty
Package: amstext 2021/08/26 v2.01 AMS text

(D:/Arthur_Usuario/Recursos/MiKTeX/tex/latex/amsmath/amsgen.sty
File: amsgen.sty 1999/11/30 v2.0 generic functions
\@emptytoks=\toks27
\ex@=\dimen181
))
(D:/Arthur_Usuario/Recursos/MiKTeX/tex/latex/amsmath/amsbsy.sty
Package: amsbsy 1999/11/29 v1.2d Bold Symbols
\pmbraise@=\dimen182
)
(D:/Arthur_Usuario/Recursos/MiKTeX/tex/latex/amsmath/amsopn.sty
Package: amsopn 2022/04/08 v2.04 operator names
)
\inf@bad=\count441
LaTeX Info: Redefining \frac on input line 235.
\uproot@=\count442
\leftroot@=\count443
LaTeX Info: Redefining \overline on input line 398.
LaTeX Info: Redefining \colon on input line 409.
\classnum@=\count444
\DOTSCASE@=\count445
LaTeX Info: Redefining \ldots on input line 495.
LaTeX Info: Redefining \dots on input line 498.
LaTeX Info: Redefining \cdots on input line 619.
\Mathstrutbox@=\box55
\strutbox@=\box56
LaTeX Info: Redefining \big on input line 721.
LaTeX Info: Redefining \Big on input line 722.
LaTeX Info: Redefining \bigg on input line 723.
LaTeX Info: Redefining \Bigg on input line 724.
\big@size=\dimen183
LaTeX Font Info:    Redeclaring font encoding OML on input line 742.
LaTeX Font Info:    Redeclaring font encoding OMS on input line 743.
\macc@depth=\count446
LaTeX Info: Redefining \bmod on input line 904.
LaTeX Info: Redefining \pmod on input line 909.
LaTeX Info: Redefining \smash on input line 939.
LaTeX Info: Redefining \relbar on input line 969.
LaTeX Info: Redefining \Relbar on input line 970.
\c@MaxMatrixCols=\count447
\dotsspace@=\muskip22
\c@parentequation=\count448
\dspbrk@lvl=\count449
\tag@help=\toks28
\row@=\count450
\column@=\count451
\maxfields@=\count452
\andhelp@=\toks29
\eqnshift@=\dimen184
\alignsep@=\dimen185
\tagshift@=\dimen186
\tagwidth@=\dimen187
\totwidth@=\dimen188
\lineht@=\dimen189
\@envbody=\toks30
\multlinegap=\skip106
\multlinetaggap=\skip107
\mathdisplay@stack=\toks31
LaTeX Info: Redefining \[ on input line 2953.
LaTeX Info: Redefining \] on input line 2954.
)
(D:/Arthur_Usuario/Recursos/MiKTeX/tex/latex/amscls/amsthm.sty
Package: amsthm 2020/05/29 v2.20.6
\thm@style=\toks32
\thm@bodyfont=\toks33
\thm@headfont=\toks34
\thm@notefont=\toks35
\thm@headpunct=\toks36
\thm@preskip=\skip108
\thm@postskip=\skip109
\thm@headsep=\skip110
\dth@everypar=\toks37
)
(D:/Arthur_Usuario/Recursos/MiKTeX/tex/latex/tools/array.sty
Package: array 2024/10/17 v2.6g Tabular extension package (FMi)
\col@sep=\dimen190
\ar@mcellbox=\box57
\extrarowheight=\dimen191
\NC@list=\toks38
\extratabsurround=\skip111
\backup@length=\skip112
\ar@cellbox=\box58
)
(D:/Arthur_Usuario/Recursos/MiKTeX/tex/latex/unicode-math/unicode-math.sty
Package: unicode-math 2023/08/13 v0.8r Unicode maths in XeLaTeX and LuaLaTeX

(D:/Arthur_Usuario/Recursos/MiKTeX/tex/latex/unicode-math/unicode-math-luatex.s
ty
Package: unicode-math-luatex 2023/08/13 v0.8r Unicode maths in XeLaTeX and LuaL
aTeX
 (D:/Arthur_Usuario/Recursos/MiKTeX/tex/latex/base/fix-cm.sty
Package: fix-cm 2020/11/24 v1.1t fixes to LaTeX

(D:/Arthur_Usuario/Recursos/MiKTeX/tex/latex/base/ts1enc.def
File: ts1enc.def 2001/06/05 v3.0e (jk/car/fm) Standard LaTeX file
LaTeX Font Info:    Redeclaring font encoding TS1 on input line 47.
))
(D:/Arthur_Usuario/Recursos/MiKTeX/tex/lualatex/lualatex-math/lualatex-math.sty
Package: lualatex-math 2022/01/01 v1.12 Patches for mathematics typesetting wit
h LuaLaTeX
Lua module: lualatex-math 2013/08/03 v1.3 Patches for mathematics typesetting wi
th LuaLaTeX)
\g__um_fam_int=\count453
\g__um_fonts_used_int=\count454
\l__um_primecount_int=\count455
\g__um_primekern_muskip=\muskip23

(D:/Arthur_Usuario/Recursos/MiKTeX/tex/latex/unicode-math/unicode-math-table.te
x))) (D:/Arthur_Usuario/Recursos/MiKTeX/tex/latex/float/float.sty
Package: float 2001/11/08 v1.3d Float enhancements (AL)
\c@float@type=\count456
\float@exts=\toks39
\float@box=\box59
\@float@everytoks=\toks40
\@floatcapt=\box60
)
(D:/Arthur_Usuario/Recursos/MiKTeX/tex/latex/colortbl/colortbl.sty
Package: colortbl 2024/10/29 v1.0k Color table columns (DPC)
\everycr=\toks41
\minrowclearance=\skip113
\rownum=\count457
)
(D:/Arthur_Usuario/Recursos/MiKTeX/tex/generic/soul/soul.sty
Package: soul 2023-06-14 v3.1 Permit use of UTF-8 characters in soul (HO)

(D:/Arthur_Usuario/Recursos/MiKTeX/tex/generic/soul/soul-ori.sty
Package: soul-ori 2023-06-14 v3.1 letterspacing/underlining (mf)
\SOUL@word=\toks42
\SOUL@lasttoken=\toks43
\SOUL@syllable=\toks44
\SOUL@cmds=\toks45
\SOUL@buffer=\toks46
\SOUL@token=\toks47
\SOUL@syllgoal=\dimen192
\SOUL@syllwidth=\dimen193
\SOUL@charkern=\dimen194
\SOUL@hyphkern=\dimen195
\SOUL@dimen=\dimen196
\SOUL@dimeni=\dimen197
\SOUL@minus=\count458
\SOUL@comma=\count459
\SOUL@apo=\count460
\SOUL@grave=\count461
\SOUL@spaceskip=\skip114
\SOUL@ttwidth=\dimen198
\SOUL@uldp=\dimen199
\SOUL@ulht=\dimen256
)
(D:/Arthur_Usuario/Recursos/MiKTeX/tex/generic/etexcmds/etexcmds.sty
Package: etexcmds 2019/12/15 v1.7 Avoid name clashes with e-TeX commands (HO)
))
(D:/Arthur_Usuario/Recursos/MiKTeX/tex/latex/newfloat/newfloat.sty
Package: newfloat 2023/10/01 v1.2 Defining new floating environments (AR)
Package newfloat Info: Unsupported document class, or \@chapter 
(newfloat)             was already redefined by another package.
Package newfloat Info: \@chapter = macro:->\def \Hy@next {\Hy@MakeCurrentHrefAu
to {\Hy@chapapp *}\Hy@raisedlink {\hyper@anchorstart {\@currentHref }\hyper@anc
horend }}\ifnum \c@secnumdepth >\m@ne \@ifundefined {if@mainmatter}\iftrue {\cs
name if@mainmatter\endcsname }\let \Hy@next \relax \fi \fi \Hy@next \Hy@org@cha
pter .
Package newfloat Info: \Hy@org@chapter = macro:[#1]#2->\NR@gettitle {#1}\NR@cha
pter [{#1}]{#2}.
Package newfloat Info: \algocf@original@chapter = undefined.
)
(D:/Arthur_Usuario/Recursos/MiKTeX/tex/latex/caption/caption.sty
Package: caption 2023/08/05 v3.6o Customizing captions (AR)

(D:/Arthur_Usuario/Recursos/MiKTeX/tex/latex/caption/caption3.sty
Package: caption3 2023/07/31 v2.4d caption3 kernel (AR)
\caption@tempdima=\dimen257
\captionmargin=\dimen258
\caption@leftmargin=\dimen259
\caption@rightmargin=\dimen260
\caption@width=\dimen261
\caption@indent=\dimen262
\caption@parindent=\dimen263
\caption@hangindent=\dimen264
Package caption Info: Standard document class detected.
)
\c@caption@flags=\count462
\c@continuedfloat=\count463
Package caption Info: float package is loaded.
Package caption Info: hyperref package is loaded.
))
(D:/Arthur_Usuario/Recursos/MiKTeX/tex/latex/tocloft/tocloft.sty
Package: tocloft 2017/08/31 v2.3i parameterised ToC, etc., typesetting
Package tocloft Info: The document has section divisions on input line 51.
\cftparskip=\skip115
\cftbeforetoctitleskip=\skip116
\cftaftertoctitleskip=\skip117
\cftbeforepartskip=\skip118
\cftpartnumwidth=\skip119
\cftpartindent=\skip120
\cftbeforesecskip=\skip121
\cftsecindent=\skip122
\cftsecnumwidth=\skip123
\cftbeforesubsecskip=\skip124
\cftsubsecindent=\skip125
\cftsubsecnumwidth=\skip126
\cftbeforesubsubsecskip=\skip127
\cftsubsubsecindent=\skip128
\cftsubsubsecnumwidth=\skip129
\cftbeforeparaskip=\skip130
\cftparaindent=\skip131
\cftparanumwidth=\skip132
\cftbeforesubparaskip=\skip133
\cftsubparaindent=\skip134
\cftsubparanumwidth=\skip135
\cftbeforeloftitleskip=\skip136
\cftafterloftitleskip=\skip137
\cftbeforefigskip=\skip138
\cftfigindent=\skip139
\cftfignumwidth=\skip140
\c@lofdepth=\count464
\c@lotdepth=\count465
\cftbeforelottitleskip=\skip141
\cftafterlottitleskip=\skip142
\cftbeforetabskip=\skip143
\cfttabindent=\skip144
\cfttabnumwidth=\skip145
)
(./preambulo/config.tex
\c@theorem=\count466
\c@corollary=\count467
\c@proposition=\count468
\c@exemple=\count469
\c@definition=\count470
) (./preambulo/estilo.tex
luaotfload | cache : Lookup cache loaded from C:/Users/Arthur Augusto/AppData/Lo
cal/MiKTeX/luatex-cache/generic/names/luaotfload-lookup-cache.luc.

Package fontspec Info: 
(fontspec)             Arial scale = 1.


Package fontspec Info: 
(fontspec)             Arial scale = 1.


Package fontspec Info: 
(fontspec)             Arial scale = 1.


Package fontspec Info: 
(fontspec)             Arial/B scale = 1.


Package fontspec Info: 
(fontspec)             Arial/B scale = 1.


Package fontspec Info: 
(fontspec)             Arial/I scale = 1.


Package fontspec Info: 
(fontspec)             Arial/I scale = 1.


Package fontspec Info: 
(fontspec)             Arial/BI scale = 1.


Package fontspec Info: 
(fontspec)             Arial/BI scale = 1.


Package fontspec Info: 
(fontspec)             Font family 'Arial(0)' created for font 'Arial' with
(fontspec)             options
(fontspec)             [Ligatures=TeX,Contextuals={WordInitial,WordFinal},Scale
=1].
(fontspec)              
(fontspec)              This font family consists of the following NFSS
(fontspec)             series/shapes:
(fontspec)              
(fontspec)             - 'normal' (m/n) with NFSS spec.:
(fontspec)             <->s*[1]"name:Arial:mode=node;script=latn;language=dflt;
+tlig;+init;+fina;"
(fontspec)             - 'small caps'  (m/sc) with NFSS spec.:
(fontspec)             <->s*[1]"name:Arial:mode=node;script=latn;language=dflt;
+tlig;+init;+fina;+smcp;"
(fontspec)             - 'bold' (b/n) with NFSS spec.:
(fontspec)             <->s*[1]"name:Arial/B:mode=node;script=latn;language=dfl
t;+tlig;+init;+fina;"
(fontspec)             - 'bold small caps'  (b/sc) with NFSS spec.:
(fontspec)             <->s*[1]"name:Arial/B:mode=node;script=latn;language=dfl
t;+tlig;+init;+fina;+smcp;"
(fontspec)             - 'italic' (m/it) with NFSS spec.:
(fontspec)             <->s*[1]"name:Arial/I:mode=node;script=latn;language=dfl
t;+tlig;+init;+fina;"
(fontspec)             - 'italic small caps'  (m/scit) with NFSS spec.:
(fontspec)             <->s*[1]"name:Arial/I:mode=node;script=latn;language=dfl
t;+tlig;+init;+fina;+smcp;"
(fontspec)             - 'bold italic' (b/it) with NFSS spec.:
(fontspec)             <->s*[1]"name:Arial/BI:mode=node;script=latn;language=df
lt;+tlig;+init;+fina;"
(fontspec)             - 'bold italic small caps'  (b/scit) with NFSS spec.:
(fontspec)             <->s*[1]"name:Arial/BI:mode=node;script=latn;language=df
lt;+tlig;+init;+fina;+smcp;"


Package fontspec Info: 
(fontspec)             Arial scale = 1.


Package fontspec Info: 
(fontspec)             Arial scale = 1.


Package fontspec Info: 
(fontspec)             Arial scale = 1.


Package fontspec Info: 
(fontspec)             Arial/B scale = 1.


Package fontspec Info: 
(fontspec)             Arial/B scale = 1.


Package fontspec Info: 
(fontspec)             Arial/I scale = 1.


Package fontspec Info: 
(fontspec)             Arial/I scale = 1.


Package fontspec Info: 
(fontspec)             Arial/BI scale = 1.


Package fontspec Info: 
(fontspec)             Arial/BI scale = 1.


Package fontspec Info: 
(fontspec)             Font family 'Arial(1)' created for font 'Arial' with
(fontspec)             options
(fontspec)             [Renderer=Basic,Contextuals={WordInitial,WordFinal},Scal
e=1].
(fontspec)              
(fontspec)              This font family consists of the following NFSS
(fontspec)             series/shapes:
(fontspec)              
(fontspec)             - 'normal' (m/n) with NFSS spec.:
(fontspec)             <->s*[1]"name:Arial:mode=base;script=latn;language=dflt;
+init;+fina;"
(fontspec)             - 'small caps'  (m/sc) with NFSS spec.:
(fontspec)             <->s*[1]"name:Arial:mode=base;script=latn;language=dflt;
+init;+fina;+smcp;"
(fontspec)             - 'bold' (b/n) with NFSS spec.:
(fontspec)             <->s*[1]"name:Arial/B:mode=base;script=latn;language=dfl
t;+init;+fina;"
(fontspec)             - 'bold small caps'  (b/sc) with NFSS spec.:
(fontspec)             <->s*[1]"name:Arial/B:mode=base;script=latn;language=dfl
t;+init;+fina;+smcp;"
(fontspec)             - 'italic' (m/it) with NFSS spec.:
(fontspec)             <->s*[1]"name:Arial/I:mode=base;script=latn;language=dfl
t;+init;+fina;"
(fontspec)             - 'italic small caps'  (m/scit) with NFSS spec.:
(fontspec)             <->s*[1]"name:Arial/I:mode=base;script=latn;language=dfl
t;+init;+fina;+smcp;"
(fontspec)             - 'bold italic' (b/it) with NFSS spec.:
(fontspec)             <->s*[1]"name:Arial/BI:mode=base;script=latn;language=df
lt;+init;+fina;"
(fontspec)             - 'bold italic small caps'  (b/scit) with NFSS spec.:
(fontspec)             <->s*[1]"name:Arial/BI:mode=base;script=latn;language=df
lt;+init;+fina;+smcp;"

LaTeX Font Info:    Overwriting math alphabet `\mathrm' in version `normal'
(Font)                  OT1/cmr/m/n --> TU/Arial(1)/m/n on input line 3.
LaTeX Font Info:    Overwriting math alphabet `\mathit' in version `normal'
(Font)                  OT1/cmr/m/it --> TU/Arial(1)/m/it on input line 3.
LaTeX Font Info:    Overwriting math alphabet `\mathbf' in version `normal'
(Font)                  OT1/cmr/bx/n --> TU/Arial(1)/b/n on input line 3.
LaTeX Font Info:    Font shape `TU/Arial(0)/m/n' will be
(Font)              scaled to size 12.0pt on input line 3.
Package newfloat Info: New float `quadro' with options ` fileext=loq, listname=
{Lista de Quadros}, name=Quadro ' on input line 47.
\c@quadro=\count471
Package newfloat Info: float type `quadro'=4 on input line 47.
\c@loqdepth=\count472
Package newfloat Info: New float `grafico' with options ` fileext=los, listname
={Lista de Gráficos}, name=Gráfico ' on input line 53.
\c@grafico=\count473
Package newfloat Info: float type `grafico'=8 on input line 53.
\c@losdepth=\count474
Package caption Info: New subtype `subquadro' on input line 55.
\c@subquadro=\count475
Package caption Info: New subtype `subgrafico' on input line 56.
\c@subgrafico=\count476
) (./preambulo/comandos.tex)
Package csquotes Info: Checking for multilingual support...
Package csquotes Info: ... found 'babel' package.
Package csquotes Info: Adjusting default style.
Package csquotes Info: Redefining alias 'default' -> 'brazilian'.

(./TCC.aux
Package babel Info: 'brazilian' activates 'portuges' shorthands.
(babel)             Reported  on input line 9.
)
\openout1 = TCC.aux

LaTeX Font Info:    Checking defaults for OML/cmm/m/it on input line 12.
LaTeX Font Info:    ... okay on input line 12.
LaTeX Font Info:    Checking defaults for OMS/cmsy/m/n on input line 12.
LaTeX Font Info:    ... okay on input line 12.
LaTeX Font Info:    Checking defaults for OT1/cmr/m/n on input line 12.
LaTeX Font Info:    ... okay on input line 12.
LaTeX Font Info:    Checking defaults for T1/cmr/m/n on input line 12.
LaTeX Font Info:    ... okay on input line 12.
LaTeX Font Info:    Checking defaults for TS1/cmr/m/n on input line 12.
LaTeX Font Info:    ... okay on input line 12.
LaTeX Font Info:    Checking defaults for TU/lmr/m/n on input line 12.
LaTeX Font Info:    ... okay on input line 12.
LaTeX Font Info:    Checking defaults for OMX/cmex/m/n on input line 12.
LaTeX Font Info:    ... okay on input line 12.
LaTeX Font Info:    Checking defaults for U/cmr/m/n on input line 12.
LaTeX Font Info:    ... okay on input line 12.
LaTeX Font Info:    Checking defaults for PD1/pdf/m/n on input line 12.
LaTeX Font Info:    ... okay on input line 12.
LaTeX Font Info:    Checking defaults for PU/pdf/m/n on input line 12.
LaTeX Font Info:    ... okay on input line 12.

(D:/Arthur_Usuario/Recursos/MiKTeX/tex/context/base/mkii/supp-pdf.mkii
[Loading MPS to PDF converter (version 2006.09.02).]
\scratchcounter=\count477
\scratchdimen=\dimen265
\scratchbox=\box61
\nofMPsegments=\count478
\nofMParguments=\count479
\everyMPshowfont=\toks48
\MPscratchCnt=\count480
\MPscratchDim=\dimen266
\MPnumerator=\count481
\makeMPintoPDFobject=\count482
\everyMPtoPDFconversion=\toks49
) (D:/Arthur_Usuario/Recursos/MiKTeX/tex/latex/epstopdf-pkg/epstopdf-base.sty
Package: epstopdf-base 2020-01-24 v2.11 Base part for package epstopdf
Package epstopdf-base Info: Redefining graphics rule for `.eps' on input line 4
85.

(D:/Arthur_Usuario/Recursos/MiKTeX/tex/latex/00miktex/epstopdf-sys.cfg
File: epstopdf-sys.cfg 2021/03/18 v2.0 Configuration of epstopdf for MiKTeX
))
*geometry* driver: auto-detecting
*geometry* detected driver: luatex
*geometry* verbose mode - [ preamble ] result:
* driver: luatex
* paper: a4paper
* layout: <same size as paper>
* layoutoffset:(h,v)=(0.0pt,0.0pt)
* modes: 
* h-part:(L,W,R)=(85.35826pt, 455.24411pt, 56.9055pt)
* v-part:(T,H,B)=(85.35826pt, 702.78308pt, 56.9055pt)
* \paperwidth=597.50787pt
* \paperheight=845.04684pt
* \textwidth=455.24411pt
* \textheight=702.78308pt
* \oddsidemargin=13.08827pt
* \evensidemargin=13.08827pt
* \topmargin=-23.91173pt
* \headheight=12.0pt
* \headsep=25.0pt
* \topskip=12.0pt
* \footskip=30.0pt
* \marginparwidth=35.0pt
* \marginparsep=10.0pt
* \columnsep=10.0pt
* \skip\footins=10.8pt plus 4.0pt minus 2.0pt
* \hoffset=0.0pt
* \voffset=0.0pt
* \mag=1000
* \@twocolumnfalse
* \@twosidefalse
* \@mparswitchfalse
* \@reversemarginfalse
* (1in=72.27pt=25.4mm, 1cm=28.453pt)

(D:/Arthur_Usuario/Recursos/MiKTeX/tex/latex/pdflscape/pdflscape.sty
Package: pdflscape 2022-10-27 v0.13 Display of landscape pages in PDF

(D:/Arthur_Usuario/Recursos/MiKTeX/tex/latex/pdflscape/pdflscape-nometadata.sty
Package: pdflscape-nometadata 2022-10-28 v0.13 Display of landscape pages in PD
F (HO)
(D:/Arthur_Usuario/Recursos/MiKTeX/tex/latex/graphics/lscape.sty
Package: lscape 2020/05/28 v3.02 Landscape Pages (DPC)
)
Package pdflscape Info: Auto-detected driver: pdftex on input line 81.
))
Package biblatex Info: Trying to load language 'brazilian' -> 'brazilian-abnt'.
..
Package biblatex Info: ... file 'brazilian-abnt.lbx' found.

(D:/Arthur_Usuario/Recursos/MiKTeX/tex/latex/biblatex-abnt/lbx/brazilian-abnt.l
bx
File: brazilian-abnt.lbx 2018-11-17 v3.4 ABNT BibLaTeX citation style
Package biblatex Info: Trying to load language 'brazilian'...
Package biblatex Info: ... file 'brazilian.lbx' found.
 (D:/Arthur_Usuario/Recursos/MiKTeX/tex/latex/biblatex/lbx/brazilian.lbx
File: brazilian.lbx 2024/03/21 v3.20 biblatex localization (PK/MW)
)
Package biblatex Info: Trying to load language 'brazilian'...
Package biblatex Info: ... file 'brazilian.lbx' found.

(D:/Arthur_Usuario/Recursos/MiKTeX/tex/latex/biblatex/lbx/brazilian.lbx
File: brazilian.lbx 2024/03/21 v3.20 biblatex localization (PK/MW)
)
Package biblatex Info: Trying to load language 'brazil' -> 'brazil-abnt'...
Package biblatex Info: ... file 'brazil-abnt.lbx' found.

(D:/Arthur_Usuario/Recursos/MiKTeX/tex/latex/biblatex-abnt/lbx/brazil-abnt.lbx
File: brazil-abnt.lbx 2018-11-17 v3.4 ABNT BibLaTeX citation style
Package biblatex Info: Trying to load language 'brazilian-abnt'...
Package biblatex Info: ... file 'brazilian-abnt.lbx' found.

(D:/Arthur_Usuario/Recursos/MiKTeX/tex/latex/biblatex-abnt/lbx/brazilian-abnt.l
bx
File: brazilian-abnt.lbx 2018-11-17 v3.4 ABNT BibLaTeX citation style
Package biblatex Info: Trying to load language 'brazilian'...
Package biblatex Info: ... file 'brazilian.lbx' found.
 (D:/Arthur_Usuario/Recursos/MiKTeX/tex/latex/biblatex/lbx/brazilian.lbx
File: brazilian.lbx 2024/03/21 v3.20 biblatex localization (PK/MW)
)
Package biblatex Info: Trying to load language 'brazil'...
Package biblatex Info: ... file 'brazil.lbx' found.

(D:/Arthur_Usuario/Recursos/MiKTeX/tex/latex/biblatex/lbx/brazil.lbx
File: brazil.lbx 2024/03/21 v3.20 biblatex localization (PK/MW)
Package biblatex Info: Trying to load language 'brazilian'...
Package biblatex Info: ... file 'brazilian.lbx' found.

(D:/Arthur_Usuario/Recursos/MiKTeX/tex/latex/biblatex/lbx/brazilian.lbx
File: brazilian.lbx 2024/03/21 v3.20 biblatex localization (PK/MW)
)))))
Package biblatex Info: LuaTeX detected.
(biblatex)             Assuming input encoding 'utf8'.
Package biblatex Info: Automatic encoding selection.
(biblatex)             Assuming data encoding 'utf8'.

\openout4 = TCC.bcf
Package biblatex Info: Trying to load bibliographic data...
Package biblatex Info: ... file 'TCC.bbl' found.

(./TCC.bbl)
Package biblatex Info: Reference section=0 on input line 12.
Package biblatex Info: Reference segment=0 on input line 12.
Package hyperref Info: Link coloring OFF on input line 12.
 (./TCC.out) (./TCC.out)
\@outlinefile=\write5

\openout5 = TCC.out
LaTeX Font Info:    Overwriting math alphabet `\mathsf' in version `normal'
(Font)                  OT1/cmss/m/n --> TU/lmss/m/n on input line 12.
LaTeX Font Info:    Overwriting math alphabet `\mathsf' in version `bold'
(Font)                  OT1/cmss/bx/n --> TU/lmss/b/n on input line 12.
LaTeX Font Info:    Overwriting math alphabet `\mathtt' in version `normal'
(Font)                  OT1/cmtt/m/n --> TU/lmtt/m/n on input line 12.
LaTeX Font Info:    Overwriting math alphabet `\mathtt' in version `bold'
(Font)                  OT1/cmtt/m/n --> TU/lmtt/b/n on input line 12.

Package fontspec Info: 
(fontspec)             Font family 'latinmodern-math.otf(0)' created for font
(fontspec)             'latinmodern-math.otf' with options
(fontspec)             [Renderer=Basic,BoldItalicFont={},ItalicFont={},SmallCap
sFont={},Script=Math,RawFeature={mathfontdimen=xetex},BoldFont={latinmodern-mat
h.otf}].
(fontspec)              
(fontspec)              This font family consists of the following NFSS
(fontspec)             series/shapes:
(fontspec)              
(fontspec)             - 'normal' (m/n) with NFSS spec.:
(fontspec)             <->"[latinmodern-math.otf]:mode=base;script=math;languag
e=dflt;mathfontdimen=xetex;"
(fontspec)             - 'bold' (b/n) with NFSS spec.:
(fontspec)             <->"[latinmodern-math.otf]:mode=base;script=math;languag
e=dflt;mathfontdimen=xetex;"


Package fontspec Info: 
(fontspec)             Font family 'latinmodern-math.otf(1)' created for font
(fontspec)             'latinmodern-math.otf' with options
(fontspec)             [Renderer=Basic,BoldItalicFont={},ItalicFont={},SmallCap
sFont={},Script=Math,SizeFeatures={{Size=10.2-},{Size=7.2-10.2,Font=latinmodern
-math.otf,Style=MathScript},{Size=-7.2,Font=latinmodern-math.otf,Style=MathScri
ptScript}},RawFeature={mathfontdimen=xetex},BoldFont={latinmodern-math.otf}].
(fontspec)              
(fontspec)              This font family consists of the following NFSS
(fontspec)             series/shapes:
(fontspec)              
(fontspec)             - 'normal' (m/n) with NFSS spec.:
(fontspec)             <10.2->"[latinmodern-math.otf]:mode=base;script=math;lan
guage=dflt;mathfontdimen=xetex;"<7.2-10.2>"[latinmodern-math.otf]:mode=base;scr
ipt=math;language=dflt;mathfontdimen=xetex;+ssty=0;"<-7.2>"[latinmodern-math.ot
f]:mode=base;script=math;language=dflt;mathfontdimen=xetex;+ssty=1;"
(fontspec)             - 'bold' (b/n) with NFSS spec.:
(fontspec)             <->"[latinmodern-math.otf]:mode=base;script=math;languag
e=dflt;mathfontdimen=xetex;"

LaTeX Font Info:    Encoding `OT1' has changed to `TU' for symbol font
(Font)              `operators' in the math version `normal' on input line 12.
LaTeX Font Info:    Overwriting symbol font `operators' in version `normal'
(Font)                  OT1/cmr/m/n --> TU/latinmodern-math.otf(1)/m/n on input
 line 12.
LaTeX Font Info:    Encoding `OT1' has changed to `TU' for symbol font
(Font)              `operators' in the math version `bold' on input line 12.
LaTeX Font Info:    Overwriting symbol font `operators' in version `bold'
(Font)                  OT1/cmr/bx/n --> TU/latinmodern-math.otf(1)/b/n on inpu
t line 12.

Package fontspec Info: 
(fontspec)             Font family 'latinmodern-math.otf(2)' created for font
(fontspec)             'latinmodern-math.otf' with options
(fontspec)             [Renderer=Basic,BoldItalicFont={},ItalicFont={},SmallCap
sFont={},Script=Math,SizeFeatures={{Size=10.2-},{Size=7.2-10.2,Font=latinmodern
-math.otf,Style=MathScript},{Size=-7.2,Font=latinmodern-math.otf,Style=MathScri
ptScript}},RawFeature={mathfontdimen=xetex},BoldFont={latinmodern-math.otf},Raw
Feature={mathfontdimen=tex2}].
(fontspec)              
(fontspec)              This font family consists of the following NFSS
(fontspec)             series/shapes:
(fontspec)              
(fontspec)             - 'normal' (m/n) with NFSS spec.:
(fontspec)             <10.2->"[latinmodern-math.otf]:mode=base;script=math;lan
guage=dflt;mathfontdimen=xetex;mathfontdimen=tex2;"<7.2-10.2>"[latinmodern-math
.otf]:mode=base;script=math;language=dflt;mathfontdimen=xetex;mathfontdimen=tex
2;+ssty=0;"<-7.2>"[latinmodern-math.otf]:mode=base;script=math;language=dflt;ma
thfontdimen=xetex;mathfontdimen=tex2;+ssty=1;"
(fontspec)             - 'bold' (b/n) with NFSS spec.:
(fontspec)             <->"[latinmodern-math.otf]:mode=base;script=math;languag
e=dflt;mathfontdimen=xetex;mathfontdimen=tex2;"

LaTeX Font Info:    Encoding `OMS' has changed to `TU' for symbol font
(Font)              `symbols' in the math version `normal' on input line 12.
LaTeX Font Info:    Overwriting symbol font `symbols' in version `normal'
(Font)                  OMS/cmsy/m/n --> TU/latinmodern-math.otf(2)/m/n on inpu
t line 12.
LaTeX Font Info:    Encoding `OMS' has changed to `TU' for symbol font
(Font)              `symbols' in the math version `bold' on input line 12.
LaTeX Font Info:    Overwriting symbol font `symbols' in version `bold'
(Font)                  OMS/cmsy/b/n --> TU/latinmodern-math.otf(2)/b/n on inpu
t line 12.

Package fontspec Info: 
(fontspec)             Font family 'latinmodern-math.otf(3)' created for font
(fontspec)             'latinmodern-math.otf' with options
(fontspec)             [Renderer=Basic,BoldItalicFont={},ItalicFont={},SmallCap
sFont={},Script=Math,SizeFeatures={{Size=10.2-},{Size=7.2-10.2,Font=latinmodern
-math.otf,Style=MathScript},{Size=-7.2,Font=latinmodern-math.otf,Style=MathScri
ptScript}},RawFeature={mathfontdimen=xetex},BoldFont={latinmodern-math.otf},Raw
Feature={mathfontdimen=tex3}].
(fontspec)              
(fontspec)              This font family consists of the following NFSS
(fontspec)             series/shapes:
(fontspec)              
(fontspec)             - 'normal' (m/n) with NFSS spec.:
(fontspec)             <10.2->"[latinmodern-math.otf]:mode=base;script=math;lan
guage=dflt;mathfontdimen=xetex;mathfontdimen=tex3;"<7.2-10.2>"[latinmodern-math
.otf]:mode=base;script=math;language=dflt;mathfontdimen=xetex;mathfontdimen=tex
3;+ssty=0;"<-7.2>"[latinmodern-math.otf]:mode=base;script=math;language=dflt;ma
thfontdimen=xetex;mathfontdimen=tex3;+ssty=1;"
(fontspec)             - 'bold' (b/n) with NFSS spec.:
(fontspec)             <->"[latinmodern-math.otf]:mode=base;script=math;languag
e=dflt;mathfontdimen=xetex;mathfontdimen=tex3;"

LaTeX Font Info:    Encoding `OMX' has changed to `TU' for symbol font
(Font)              `largesymbols' in the math version `normal' on input line 1
2.
LaTeX Font Info:    Overwriting symbol font `largesymbols' in version `normal'
(Font)                  OMX/cmex/m/n --> TU/latinmodern-math.otf(3)/m/n on inpu
t line 12.
LaTeX Font Info:    Encoding `OMX' has changed to `TU' for symbol font
(Font)              `largesymbols' in the math version `bold' on input line 12.

LaTeX Font Info:    Overwriting symbol font `largesymbols' in version `bold'
(Font)                  OMX/cmex/m/n --> TU/latinmodern-math.otf(3)/b/n on inpu
t line 12.
LaTeX Font Info:    Trying to load font information for U+msa on input line 12.


(D:/Arthur_Usuario/Recursos/MiKTeX/tex/latex/amsfonts/umsa.fd
File: umsa.fd 2013/01/14 v3.01 AMS symbols A
)
LaTeX Font Info:    Trying to load font information for U+msb on input line 12.


(D:/Arthur_Usuario/Recursos/MiKTeX/tex/latex/amsfonts/umsb.fd
File: umsb.fd 2013/01/14 v3.01 AMS symbols B
)
Package newfloat Info: Trying Plan B...
Package newfloat Info: `float' package detected.
Package caption Info: Begin \AtBeginDocument code.
Package caption Info: End \AtBeginDocument code.

(./capitulos/elementos_pre_textuais/01_capa.tex
<elementos/imagens/logo_ifb.png, id=74, 1204.5pt x 1033.8625pt>
File: elementos/imagens/logo_ifb.png Graphic file (type png)
<use elementos/imagens/logo_ifb.png>
Package luatex.def Info: elementos/imagens/logo_ifb.png  used on input line 9.
(luatex.def)             Requested size: 113.81102pt x 97.6816pt.
LaTeX Font Info:    Font shape `TU/Arial(0)/m/it' will be
(Font)              scaled to size 12.0pt on input line 14.
LaTeX Font Info:    Font shape `TU/Arial(0)/b/n' will be
(Font)              scaled to size 12.0pt on input line 23.


[1

{C:/Users/Arthur Augusto/AppData/Local/MiKTeX/fonts/map/pdftex/pdftex.map}<./ele
mentos/imagens/logo_ifb.png>])
(./capitulos/elementos_pre_textuais/02_folha_rosto.tex


warning  (pdf backend): ignoring duplicate destination with the name 'page.'
[1]) (./capitulos/elementos_pre_textuais/10_listas.tex
LaTeX Font Info:    Font shape `TU/Arial(0)/m/n' will be
(Font)              scaled to size 17.28pt on input line 7.
LaTeX Font Info:    Font shape `TU/Arial(0)/b/n' will be
(Font)              scaled to size 17.28pt on input line 7.
LaTeX Font Info:    Font shape `TU/Arial(0)/m/n' will be
(Font)              scaled to size 14.4pt on input line 14.
LaTeX Font Info:    Font shape `TU/Arial(0)/b/n' will be
(Font)              scaled to size 14.4pt on input line 14.
 (./TCC.lof
LaTeX Font Info:    Font shape `TU/Arial(0)/m/n' will be
(Font)              scaled to size 10.95pt on input line 2.
)
\tf@lof=\write6

\openout6 = TCC.lof
 (./TCC.loq)
\tf@loq=\write7

\openout7 = TCC.loq

(./TCC.los)
\tf@los=\write8

\openout8 = TCC.los



warning  (pdf backend): ignoring duplicate destination with the name 'page.'
[1

] (./TCC.lot)
\tf@lot=\write9

\openout9 = TCC.lot



warning  (pdf backend): ignoring duplicate destination with the name 'page.'
[2]) (./capitulos/elementos_pre_textuais/11_sumario.tex

LaTeX Font Info:    Font shape `TU/Arial(0)/m/n' will be
(Font)              scaled to size 10.0pt on input line 2.

warning  (pdf backend): ignoring duplicate destination with the name 'page.'
[3] (./TCC.toc
LaTeX Font Info:    Font shape `TU/Arial(0)/b/it' will be
(Font)              scaled to size 12.0pt on input line 13.
)
\tf@toc=\write10

\openout10 = TCC.toc
) (./capitulos/01_introducao.tex


warning  (pdf backend): ignoring duplicate destination with the name 'page.'
[4]

[6]
LaTeX Font Info:    Font shape `TU/Arial(0)/m/n' will be
(Font)              scaled to size 8.4pt on input line 23.
LaTeX Font Info:    Font shape `TU/Arial(0)/m/n' will be
(Font)              scaled to size 6.0pt on input line 23.
LaTeX Font Info:    Font shape `TU/Arial(1)/m/n' will be
(Font)              scaled to size 12.0pt on input line 30.
LaTeX Font Info:    Font shape `TU/Arial(1)/m/n' will be
(Font)              scaled to size 8.4pt on input line 30.
LaTeX Font Info:    Font shape `TU/Arial(1)/m/n' will be
(Font)              scaled to size 6.0pt on input line 30.


[7]
LaTeX Font Info:    Font shape `TU/Arial(0)/m/sc' will be
(Font)              scaled to size 12.0pt on input line 49.


[8]
LaTeX Font Info:    Font shape `TU/Arial(0)/m/sc' will be
(Font)              scaled to size 10.95pt on input line 63.


[9]

[10]
LaTeX Font Info:    Font shape `TU/Arial(1)/m/n' will be
(Font)              scaled to size 10.95pt on input line 94.
LaTeX Font Info:    Font shape `TU/Arial(1)/m/n' will be
(Font)              scaled to size 8.0pt on input line 94.
LaTeX Font Info:    Font shape `TU/Arial(0)/m/n' will be
(Font)              scaled to size 8.0pt on input line 94.
LaTeX Font Info:    Font shape `TU/Arial(1)/m/n' will be
(Font)              scaled to size 10.0pt on input line 96.
LaTeX Font Info:    Font shape `TU/Arial(1)/m/n' will be
(Font)              scaled to size 7.0pt on input line 96.
LaTeX Font Info:    Font shape `TU/Arial(1)/m/n' will be
(Font)              scaled to size 5.0pt on input line 96.
LaTeX Font Info:    Font shape `TU/Arial(0)/m/n' will be
(Font)              scaled to size 7.0pt on input line 96.


[11]) (./capitulos/02_ferramental_basico.tex
<elementos/imagens/Preço_NVIDIA_ajustado_serie_temporal_discreta.png, id=261, 
722.7pt x 433.62pt>
File: elementos/imagens/Preço_NVIDIA_ajustado_serie_temporal_discreta.png Grap
hic file (type png)
<use elementos/imagens/Preço_NVIDIA_ajustado_serie_temporal_discreta.png>
Package luatex.def Info: elementos/imagens/Preço_NVIDIA_ajustado_serie_tempora
l_discreta.png  used on input line 21.
(luatex.def)             Requested size: 318.66948pt x 191.20361pt.
LaTeX Font Info:    Font shape `TU/Arial(0)/b/n' will be
(Font)              scaled to size 10.95pt on input line 23.
LaTeX Font Info:    Font shape `TU/Arial(0)/b/n' will be
(Font)              scaled to size 10.0pt on input line 29.
LaTeX Font Info:    Font shape `TU/Arial(0)/m/sc' will be
(Font)              scaled to size 10.0pt on input line 29.


[12]
<elementos/imagens/ECG_bruto_serie_temporal_continua.png, id=277, 722.7pt x 433
.62pt>
File: elementos/imagens/ECG_bruto_serie_temporal_continua.png Graphic file (typ
e png)
<use elementos/imagens/ECG_bruto_serie_temporal_continua.png>
Package luatex.def Info: elementos/imagens/ECG_bruto_serie_temporal_continua.pn
g  used on input line 45.
(luatex.def)             Requested size: 318.66948pt x 191.20361pt.
LaTeX Font Info:    Font shape `TU/Arial(0)/m/it' will be
(Font)              scaled to size 10.0pt on input line 55.


[13<./elementos/imagens/Preço_NVIDIA_ajustado_serie_temporal_discreta.png><./el
ementos/imagens/ECG_bruto_serie_temporal_continua.png>]
<elementos/imagens/ECG_discretizado_serie_temporal_discreta.png, id=300, 722.7p
t x 433.62pt>
File: elementos/imagens/ECG_discretizado_serie_temporal_discreta.png Graphic fi
le (type png)
<use elementos/imagens/ECG_discretizado_serie_temporal_discreta.png>
Package luatex.def Info: elementos/imagens/ECG_discretizado_serie_temporal_disc
reta.png  used on input line 63.
(luatex.def)             Requested size: 318.66948pt x 191.20361pt.


[14<./elementos/imagens/ECG_discretizado_serie_temporal_discreta.png>]

[15]

[16]
<elementos/imagens/Exemplo 1 - Séries de Fourier.png, id=337, 491.63266pt x 21
6.1545pt>
File: elementos/imagens/Exemplo 1 - Séries de Fourier.png Graphic file (type p
ng)
<use elementos/imagens/Exemplo 1 - Séries de Fourier.png>
Package luatex.def Info: elementos/imagens/Exemplo 1 - Séries de Fourier.png  
used on input line 183.
(luatex.def)             Requested size: 364.19667pt x 160.12662pt.


[17]
<elementos/imagens/Exemplo 1 - Séries de Fourier (1).png, id=344, 491.63266pt 
x 216.1545pt>
File: elementos/imagens/Exemplo 1 - Séries de Fourier (1).png Graphic file (ty
pe png)
<use elementos/imagens/Exemplo 1 - Séries de Fourier (1).png>
Package luatex.def Info: elementos/imagens/Exemplo 1 - Séries de Fourier (1).p
ng  used on input line 193.
(luatex.def)             Requested size: 364.19667pt x 160.12662pt.
<elementos/imagens/Exemplo 1 - Séries de Fourier (2).png, id=346, 491.63266pt 
x 216.1545pt>
File: elementos/imagens/Exemplo 1 - Séries de Fourier (2).png Graphic file (ty
pe png)
<use elementos/imagens/Exemplo 1 - Séries de Fourier (2).png>
Package luatex.def Info: elementos/imagens/Exemplo 1 - Séries de Fourier (2).p
ng  used on input line 202.
(luatex.def)             Requested size: 364.19667pt x 160.12662pt.


[18<./elementos/imagens/Exemplo 1 - Séries de Fourier.png><./elementos/imagens/
Exemplo 1 - Séries de Fourier (1).png>]
Overfull \hbox (4.77904pt too wide) in paragraph at lines 207--208
[]\TU/Arial(0)/m/n/12 No exem-plo vi-sual cons-tru-ído, a soma está es-crita 
$\TU/latinmodern-math.otf(1)/m/n/12 𝑆[𝑓] = [] []$
 []

Excluding 'comment' comment.

[19<./elementos/imagens/Exemplo 1 - Séries de Fourier (2).png>])
(./capitulos/03_transformadas_de_fourier.tex

[20]

[21]

[22]

[23]
LaTeX Font Info:    Font shape `TU/Arial(0)/m/it' will be
(Font)              scaled to size 8.4pt on input line 109.
LaTeX Font Info:    Font shape `TU/Arial(0)/m/it' will be
(Font)              scaled to size 6.0pt on input line 109.
<elementos/imagens/PRINT DFT LEE.png, id=415, 588.69937pt x 250.68657pt>
File: elementos/imagens/PRINT DFT LEE.png Graphic file (type png)
<use elementos/imagens/PRINT DFT LEE.png>
Package luatex.def Info: elementos/imagens/PRINT DFT LEE.png  used on input lin
e 120.
(luatex.def)             Requested size: 364.19667pt x 155.08743pt.

Overfull \hbox (11.16412pt too wide) detected at line 144
[][]
 []



[24<./elementos/imagens/PRINT DFT LEE.png>]
<elementos/graficos/funcao_sintetica_exemplo.pdf, id=427, 578.16pt x 361.35pt>
File: elementos/graficos/funcao_sintetica_exemplo.pdf Graphic file (type pdf)
<use elementos/graficos/funcao_sintetica_exemplo.pdf>
Package luatex.def Info: elementos/graficos/funcao_sintetica_exemplo.pdf  used 
on input line 150.
(luatex.def)             Requested size: 455.24411pt x 284.52603pt.
Package hyperref Info: bookmark level for unknown grafico defaults to 0 on inpu
t line 151.
Package hyperref Info: bookmark level for unknown quadro defaults to 0 on input
 line 159.


[25<./elementos/graficos/funcao_sintetica_exemplo.pdf>]
<elementos/graficos/espectro_da_frequencia_exemplo.pdf, id=438, 578.16pt x 361.
35pt>
File: elementos/graficos/espectro_da_frequencia_exemplo.pdf Graphic file (type 
pdf)
<use elementos/graficos/espectro_da_frequencia_exemplo.pdf>
Package luatex.def Info: elementos/graficos/espectro_da_frequencia_exemplo.pdf 
 used on input line 182.
(luatex.def)             Requested size: 455.24411pt x 284.52603pt.


[26<./elementos/graficos/espectro_da_frequencia_exemplo.pdf>]

[27]
<elementos/imagens/LEE PRINT SWDFT.png, id=458, 992.95969pt x 228.10219pt>
File: elementos/imagens/LEE PRINT SWDFT.png Graphic file (type png)
<use elementos/imagens/LEE PRINT SWDFT.png>
Package luatex.def Info: elementos/imagens/LEE PRINT SWDFT.png  used on input l
ine 238.
(luatex.def)             Requested size: 455.24411pt x 104.58022pt.


[28<./elementos/imagens/LEE PRINT SWDFT.png>]) (./capitulos/04_aplicacao.tex

[29]

[30]

[31]) (./capitulos/05_resultados.tex)

[32]

[33]

[34]

[35] (./TCC.aux)
 ***********
LaTeX2e <2024-11-01> patch level 2
L3 programming layer <2020/03/25>
 ***********
Package rerunfilecheck Info: File `TCC.out' has not changed.
(rerunfilecheck)             Checksum: EF52FFCA827252B407E96EDBA654E0CE;2469.
Package logreq Info: Writing requests to 'TCC.run.xml'.

\openout1 = TCC.run.xml
)

Here is how much of LuaTeX's memory you used:
 32161 strings out of 475506
 156324,1977958 words of node,token memory allocated
 3967 words of node memory still in use:
   7 hlist, 2 vlist, 2 rule, 8 glue, 4 kern, 201 glyph, 554 attribute, 118 glue_
spec, 279 attribute_list, 1 write, 10 pdf_action nodes
   avail lists: 1:3,2:6600,3:1125,4:1969,5:1817,6:64,7:7733,8:109,9:2889,10:14,1
1:938
 54333 multiletter control sequences out of 65536+600000
 123 fonts using 60349907 bytes
 84i,16n,98p,1022b,3961s stack positions out of 10000i,1000n,20000p,200000b,200000s
<d:/arthur_usuario/recursos/miktex/fonts/opentype/public/lm/lmmono12-regular.otf
><D:/Arthur_Usuario/Recursos/MiKTeX/fonts/opentype/public/lm-math/latinmodern-ma
th.otf><C:/WINDOWS/Fonts/arial.ttf><D:/Arthur_Usuario/Recursos/MiKTeX/fonts/open
type/public/lm-math/latinmodern-math.otf><C:/WINDOWS/Fonts/arialbi.ttf><D:/Arthu
r_Usuario/Recursos/MiKTeX/fonts/opentype/public/lm-math/latinmodern-math.otf><C:
/WINDOWS/Fonts/arialbd.ttf><C:/WINDOWS/Fonts/ariali.ttf><C:/WINDOWS/Fonts/arial.
ttf>
Output written on TCC.pdf (36 pages, 1329228 bytes).

PDF statistics: 609 PDF objects out of 1000 (max. 8388607)
 125 named destinations out of 1000 (max. 131072)
 145 words of extra memory for PDF output out of 10000 (max. 100000000)

