This is LuaHBTeX, Version 1.21.0 (MiKTeX 25.3) (format=lualatex 2025.4.4)  24 JUN 2025 11:40
 restricted system commands enabled.
 file:line:error style messages enabled.
**d:/Arthur_Usuario/Projetos/TCC_SWDFT/RepositorioTCC/Slides/slidesAbdo/grafico
s

(d:/Arthur_Usuario/Projetos/TCC_SWDFT/RepositorioTCC/Slides/slidesAbdo/graficos
.tex
LaTeX2e <2024-11-01> patch level 2
L3 programming layer <2025-01-18>
Lua module: luaotfload 2024-12-03 v3.29 Lua based OpenType font support
Lua module: lualibs 2023-07-13 v2.76 ConTeXt Lua standard libraries.
Lua module: lualibs-extended 2023-07-13 v2.76 ConTeXt Lua libraries -- extended 
collection.
luaotfload | conf : Root cache directory is "C:/Users/Arthur Augusto/AppData/Loc
al/MiKTeX/luatex-cache/generic/names".
luaotfload | init : Loading fontloader "fontloader-2023-12-28.lua" from kpse-res
olved path "D:/Arthur_Usuario/Recursos/MiKTeX/tex/luatex/luaotfload/fontloader-2
023-12-28.lua".
Lua-only attribute luaotfload@noligature = 1
luaotfload | init : Context OpenType loader version 3.134
Inserting `luaotfload.node_processor' in `pre_linebreak_filter'.
Inserting `luaotfload.node_processor' in `hpack_filter'.
Inserting `luaotfload.glyph_stream' in `glyph_stream_provider'.
Inserting `luaotfload.define_font' in `define_font'.
Lua-only attribute luaotfload_color_attribute = 2
luaotfload | conf : Root cache directory is "C:/Users/Arthur Augusto/AppData/Loc
al/MiKTeX/luatex-cache/generic/names".
Inserting `luaotfload.harf.strip_prefix' in `find_opentype_file'.
Inserting `luaotfload.harf.strip_prefix' in `find_truetype_file'.
Removing  `luaotfload.glyph_stream' from `glyph_stream_provider'.
Inserting `luaotfload.harf.glyphstream' in `glyph_stream_provider'.
Inserting `luaotfload.harf.finalize_vlist' in `post_linebreak_filter'.
Inserting `luaotfload.harf.finalize_hlist' in `hpack_filter'.
Inserting `luaotfload.cleanup_files' in `wrapup_run'.
Inserting `luaotfload.harf.finalize_unicode' in `finish_pdffile'.
Inserting `luaotfload.glyphinfo' in `glyph_info'.
Lua-only attribute luaotfload.letterspace_done = 3
Inserting `luaotfload.aux.set_sscale_dimens' in `luaotfload.patch_font'.
Inserting `luaotfload.aux.set_font_index' in `luaotfload.patch_font'.
Inserting `luaotfload.aux.patch_cambria_domh' in `luaotfload.patch_font'.
Inserting `luaotfload.aux.fixup_fontdata' in `luaotfload.patch_font_unsafe'.
Inserting `luaotfload.aux.set_capheight' in `luaotfload.patch_font'.
Inserting `luaotfload.aux.set_xheight' in `luaotfload.patch_font'.
Inserting `luaotfload.rewrite_fontname' in `luaotfload.patch_font'.
Inserting `tracingstacklevels' in `input_level_string'. (D:/Arthur_Usuario/Recu
rsos/MiKTeX/tex/latex/beamer/beamer.cls
Document Class: beamer 2025/02/04 v3.72 A class for typesetting presentations
(D:/Arthur_Usuario/Recursos/MiKTeX/tex/latex/beamer/beamerbasemodes.sty
(D:/Arthur_Usuario/Recursos/MiKTeX/tex/latex/etoolbox/etoolbox.sty
Package: etoolbox 2025/02/11 v2.5l e-TeX tools for LaTeX (JAW)
\etb@tempcnta=\count194
)
\beamer@tempbox=\box52
\beamer@tempcount=\count195
\c@beamerpauses=\count196

(D:/Arthur_Usuario/Recursos/MiKTeX/tex/latex/beamer/beamerbasedecode.sty
\beamer@slideinframe=\count197
\beamer@minimum=\count198
\beamer@decode@box=\box53
)
\beamer@commentbox=\box54
\beamer@modecount=\count199
)
(D:/Arthur_Usuario/Recursos/MiKTeX/tex/generic/iftex/iftex.sty
Package: iftex 2024/12/12 v1.0g TeX engine tests
)
\headdp=\dimen140
\footheight=\dimen141
\sidebarheight=\dimen142
\beamer@tempdim=\dimen143
\beamer@finalheight=\dimen144
\beamer@animht=\dimen145
\beamer@animdp=\dimen146
\beamer@animwd=\dimen147
\beamer@leftmargin=\dimen148
\beamer@rightmargin=\dimen149
\beamer@leftsidebar=\dimen150
\beamer@rightsidebar=\dimen151
\beamer@boxsize=\dimen152
\beamer@vboxoffset=\dimen153
\beamer@descdefault=\dimen154
\beamer@descriptionwidth=\dimen155
\beamer@lastskip=\skip49
\beamer@areabox=\box55
\beamer@animcurrent=\box56
\beamer@animshowbox=\box57
\beamer@sectionbox=\box58
\beamer@logobox=\box59
\beamer@linebox=\box60
\beamer@sectioncount=\count266
\beamer@subsubsectionmax=\count267
\beamer@subsectionmax=\count268
\beamer@sectionmax=\count269
\beamer@totalheads=\count270
\beamer@headcounter=\count271
\beamer@partstartpage=\count272
\beamer@sectionstartpage=\count273
\beamer@subsectionstartpage=\count274
\beamer@animationtempa=\count275
\beamer@animationtempb=\count276
\beamer@xpos=\count277
\beamer@ypos=\count278
\beamer@ypos@offset=\count279
\beamer@showpartnumber=\count280
\beamer@currentsubsection=\count281
\beamer@coveringdepth=\count282
\beamer@sectionadjust=\count283
\beamer@toclastsection=\count284
\beamer@tocsectionnumber=\count285

(D:/Arthur_Usuario/Recursos/MiKTeX/tex/latex/beamer/beamerbaseoptions.sty
(D:/Arthur_Usuario/Recursos/MiKTeX/tex/latex/graphics/keyval.sty
Package: keyval 2022/05/29 v1.15 key=value parser (DPC)
\KV@toks@=\toks17
))
\beamer@paperwidth=\skip50
\beamer@paperheight=\skip51

(D:/Arthur_Usuario/Recursos/MiKTeX/tex/latex/geometry/geometry.sty
Package: geometry 2020/01/02 v5.9 Page Geometry

(D:/Arthur_Usuario/Recursos/MiKTeX/tex/generic/iftex/ifvtex.sty
Package: ifvtex 2019/10/25 v1.7 ifvtex legacy package. Use iftex instead.
)
\Gm@cnth=\count286
\Gm@cntv=\count287
\c@Gm@tempcnt=\count288
\Gm@bindingoffset=\dimen156
\Gm@wd@mp=\dimen157
\Gm@odd@mp=\dimen158
\Gm@even@mp=\dimen159
\Gm@layoutwidth=\dimen160
\Gm@layoutheight=\dimen161
\Gm@layouthoffset=\dimen162
\Gm@layoutvoffset=\dimen163
\Gm@dimlist=\toks18

(D:/Arthur_Usuario/Recursos/MiKTeX/tex/latex/geometry/geometry.cfg))
(D:/Arthur_Usuario/Recursos/MiKTeX/tex/latex/pgf/math/pgfmath.sty
(D:/Arthur_Usuario/Recursos/MiKTeX/tex/latex/pgf/utilities/pgfrcs.sty
(D:/Arthur_Usuario/Recursos/MiKTeX/tex/generic/pgf/utilities/pgfutil-common.tex
\pgfutil@everybye=\toks19
\pgfutil@tempdima=\dimen164
\pgfutil@tempdimb=\dimen165
)
(D:/Arthur_Usuario/Recursos/MiKTeX/tex/generic/pgf/utilities/pgfutil-latex.def
\pgfutil@abb=\box61
) (D:/Arthur_Usuario/Recursos/MiKTeX/tex/generic/pgf/utilities/pgfrcs.code.tex
(D:/Arthur_Usuario/Recursos/MiKTeX/tex/generic/pgf/pgf.revision.tex)
Package: pgfrcs 2023-01-15 v3.1.10 (3.1.10)
))
(D:/Arthur_Usuario/Recursos/MiKTeX/tex/latex/pgf/utilities/pgfkeys.sty
(D:/Arthur_Usuario/Recursos/MiKTeX/tex/generic/pgf/utilities/pgfkeys.code.tex
\pgfkeys@pathtoks=\toks20
\pgfkeys@temptoks=\toks21

(D:/Arthur_Usuario/Recursos/MiKTeX/tex/generic/pgf/utilities/pgfkeyslibraryfilt
ered.code.tex
\pgfkeys@tmptoks=\toks22
)))
(D:/Arthur_Usuario/Recursos/MiKTeX/tex/generic/pgf/math/pgfmath.code.tex
(D:/Arthur_Usuario/Recursos/MiKTeX/tex/generic/pgf/math/pgfmathutil.code.tex
\pgf@x=\dimen166
\pgf@xa=\dimen167
\pgf@xb=\dimen168
\pgf@xc=\dimen169
\pgf@y=\dimen170
\pgf@ya=\dimen171
\pgf@yb=\dimen172
\pgf@yc=\dimen173
\c@pgf@counta=\count289
\c@pgf@countb=\count290
\c@pgf@countc=\count291
\c@pgf@countd=\count292
)
(D:/Arthur_Usuario/Recursos/MiKTeX/tex/generic/pgf/math/pgfmathparser.code.tex
\pgfmath@dimen=\dimen174
\pgfmath@count=\count293
\pgfmath@box=\box62
\pgfmath@toks=\toks23
\pgfmath@stack@operand=\toks24
\pgfmath@stack@operation=\toks25
)
(D:/Arthur_Usuario/Recursos/MiKTeX/tex/generic/pgf/math/pgfmathfunctions.code.t
ex)
(D:/Arthur_Usuario/Recursos/MiKTeX/tex/generic/pgf/math/pgfmathfunctions.basic.
code.tex)
(D:/Arthur_Usuario/Recursos/MiKTeX/tex/generic/pgf/math/pgfmathfunctions.trigon
ometric.code.tex)
(D:/Arthur_Usuario/Recursos/MiKTeX/tex/generic/pgf/math/pgfmathfunctions.random
.code.tex)
(D:/Arthur_Usuario/Recursos/MiKTeX/tex/generic/pgf/math/pgfmathfunctions.compar
ison.code.tex)
(D:/Arthur_Usuario/Recursos/MiKTeX/tex/generic/pgf/math/pgfmathfunctions.base.c
ode.tex)
(D:/Arthur_Usuario/Recursos/MiKTeX/tex/generic/pgf/math/pgfmathfunctions.round.
code.tex)
(D:/Arthur_Usuario/Recursos/MiKTeX/tex/generic/pgf/math/pgfmathfunctions.misc.c
ode.tex)
(D:/Arthur_Usuario/Recursos/MiKTeX/tex/generic/pgf/math/pgfmathfunctions.intege
rarithmetics.code.tex)
(D:/Arthur_Usuario/Recursos/MiKTeX/tex/generic/pgf/math/pgfmathcalc.code.tex)
(D:/Arthur_Usuario/Recursos/MiKTeX/tex/generic/pgf/math/pgfmathfloat.code.tex
\c@pgfmathroundto@lastzeros=\count294
))) (D:/Arthur_Usuario/Recursos/MiKTeX/tex/latex/base/size11.clo
File: size11.clo 2024/06/29 v1.4n Standard LaTeX file (size option)
luaotfload | db : Font names database loaded from C:/Users/Arthur Augusto/AppDat
a/Local/MiKTeX/luatex-cache/generic/names/luaotfload-names.luc.gz)
(D:/Arthur_Usuario/Recursos/MiKTeX/tex/latex/pgf/basiclayer/pgfcore.sty
(D:/Arthur_Usuario/Recursos/MiKTeX/tex/latex/graphics/graphicx.sty
Package: graphicx 2021/09/16 v1.2d Enhanced LaTeX Graphics (DPC,SPQR)

(D:/Arthur_Usuario/Recursos/MiKTeX/tex/latex/graphics/graphics.sty
Package: graphics 2024/08/06 v1.4g Standard LaTeX Graphics (DPC,SPQR)

(D:/Arthur_Usuario/Recursos/MiKTeX/tex/latex/graphics/trig.sty
Package: trig 2023/12/02 v1.11 sin cos tan (DPC)
)
(D:/Arthur_Usuario/Recursos/MiKTeX/tex/latex/graphics-cfg/graphics.cfg
File: graphics.cfg 2016/06/04 v1.11 sample graphics configuration
)
Package graphics Info: Driver file: luatex.def on input line 106.

(D:/Arthur_Usuario/Recursos/MiKTeX/tex/latex/graphics-def/luatex.def
File: luatex.def 2024/04/13 v1.2e Graphics/color driver for luatex
))
\Gin@req@height=\dimen175
\Gin@req@width=\dimen176
)
(D:/Arthur_Usuario/Recursos/MiKTeX/tex/latex/pgf/systemlayer/pgfsys.sty
(D:/Arthur_Usuario/Recursos/MiKTeX/tex/generic/pgf/systemlayer/pgfsys.code.tex
Package: pgfsys 2023-01-15 v3.1.10 (3.1.10)
\pgf@x=\dimen177
\pgf@y=\dimen178
\pgf@xa=\dimen179
\pgf@ya=\dimen180
\pgf@xb=\dimen181
\pgf@yb=\dimen182
\pgf@xc=\dimen183
\pgf@yc=\dimen184
\pgf@xd=\dimen185
\pgf@yd=\dimen186
\w@pgf@writea=\write3
\r@pgf@reada=\read2
\c@pgf@counta=\count295
\c@pgf@countb=\count296
\c@pgf@countc=\count297
\c@pgf@countd=\count298
\t@pgf@toka=\toks26
\t@pgf@tokb=\toks27
\t@pgf@tokc=\toks28
\pgf@sys@id@count=\count299

(D:/Arthur_Usuario/Recursos/MiKTeX/tex/generic/pgf/systemlayer/pgf.cfg
File: pgf.cfg 2023-01-15 v3.1.10 (3.1.10)
)
Driver file for pgf: pgfsys-luatex.def

(D:/Arthur_Usuario/Recursos/MiKTeX/tex/generic/pgf/systemlayer/pgfsys-luatex.de
f
File: pgfsys-luatex.def 2023-01-15 v3.1.10 (3.1.10)

(D:/Arthur_Usuario/Recursos/MiKTeX/tex/generic/pgf/systemlayer/pgfsys-common-pd
f.def
File: pgfsys-common-pdf.def 2023-01-15 v3.1.10 (3.1.10)
)))
(D:/Arthur_Usuario/Recursos/MiKTeX/tex/generic/pgf/systemlayer/pgfsyssoftpath.c
ode.tex
File: pgfsyssoftpath.code.tex 2023-01-15 v3.1.10 (3.1.10)
\pgfsyssoftpath@smallbuffer@items=\count300
\pgfsyssoftpath@bigbuffer@items=\count301
)
(D:/Arthur_Usuario/Recursos/MiKTeX/tex/generic/pgf/systemlayer/pgfsysprotocol.c
ode.tex
File: pgfsysprotocol.code.tex 2023-01-15 v3.1.10 (3.1.10)
)) (D:/Arthur_Usuario/Recursos/MiKTeX/tex/latex/xcolor/xcolor.sty
Package: xcolor 2024/09/29 v3.02 LaTeX color extensions (UK)

(D:/Arthur_Usuario/Recursos/MiKTeX/tex/latex/graphics-cfg/color.cfg
File: color.cfg 2016/01/02 v1.6 sample color configuration
)
Package xcolor Info: Driver file: luatex.def on input line 274.

(D:/Arthur_Usuario/Recursos/MiKTeX/tex/latex/graphics/mathcolor.ltx)
Package xcolor Info: Model `cmy' substituted by `cmy0' on input line 1349.
Package xcolor Info: Model `hsb' substituted by `rgb' on input line 1353.
Package xcolor Info: Model `RGB' extended on input line 1365.
Package xcolor Info: Model `HTML' substituted by `rgb' on input line 1367.
Package xcolor Info: Model `Hsb' substituted by `hsb' on input line 1368.
Package xcolor Info: Model `tHsb' substituted by `hsb' on input line 1369.
Package xcolor Info: Model `HSB' substituted by `hsb' on input line 1370.
Package xcolor Info: Model `Gray' substituted by `gray' on input line 1371.
Package xcolor Info: Model `wave' substituted by `hsb' on input line 1372.
)
(D:/Arthur_Usuario/Recursos/MiKTeX/tex/generic/pgf/basiclayer/pgfcore.code.tex
Package: pgfcore 2023-01-15 v3.1.10 (3.1.10)

(D:/Arthur_Usuario/Recursos/MiKTeX/tex/generic/pgf/math/pgfint.code.tex)
(D:/Arthur_Usuario/Recursos/MiKTeX/tex/generic/pgf/basiclayer/pgfcorepoints.cod
e.tex
File: pgfcorepoints.code.tex 2023-01-15 v3.1.10 (3.1.10)
\pgf@picminx=\dimen187
\pgf@picmaxx=\dimen188
\pgf@picminy=\dimen189
\pgf@picmaxy=\dimen190
\pgf@pathminx=\dimen191
\pgf@pathmaxx=\dimen192
\pgf@pathminy=\dimen193
\pgf@pathmaxy=\dimen194
\pgf@xx=\dimen195
\pgf@xy=\dimen196
\pgf@yx=\dimen197
\pgf@yy=\dimen198
\pgf@zx=\dimen199
\pgf@zy=\dimen256
)
(D:/Arthur_Usuario/Recursos/MiKTeX/tex/generic/pgf/basiclayer/pgfcorepathconstr
uct.code.tex
File: pgfcorepathconstruct.code.tex 2023-01-15 v3.1.10 (3.1.10)
\pgf@path@lastx=\dimen257
\pgf@path@lasty=\dimen258
)
(D:/Arthur_Usuario/Recursos/MiKTeX/tex/generic/pgf/basiclayer/pgfcorepathusage.
code.tex
File: pgfcorepathusage.code.tex 2023-01-15 v3.1.10 (3.1.10)
\pgf@shorten@end@additional=\dimen259
\pgf@shorten@start@additional=\dimen260
)
(D:/Arthur_Usuario/Recursos/MiKTeX/tex/generic/pgf/basiclayer/pgfcorescopes.cod
e.tex
File: pgfcorescopes.code.tex 2023-01-15 v3.1.10 (3.1.10)
\pgfpic=\box63
\pgf@hbox=\box64
\pgf@layerbox@main=\box65
\pgf@picture@serial@count=\count302
)
(D:/Arthur_Usuario/Recursos/MiKTeX/tex/generic/pgf/basiclayer/pgfcoregraphicsta
te.code.tex
File: pgfcoregraphicstate.code.tex 2023-01-15 v3.1.10 (3.1.10)
\pgflinewidth=\dimen261
)
(D:/Arthur_Usuario/Recursos/MiKTeX/tex/generic/pgf/basiclayer/pgfcoretransforma
tions.code.tex
File: pgfcoretransformations.code.tex 2023-01-15 v3.1.10 (3.1.10)
\pgf@pt@x=\dimen262
\pgf@pt@y=\dimen263
\pgf@pt@temp=\dimen264
)
(D:/Arthur_Usuario/Recursos/MiKTeX/tex/generic/pgf/basiclayer/pgfcorequick.code
.tex
File: pgfcorequick.code.tex 2023-01-15 v3.1.10 (3.1.10)
)
(D:/Arthur_Usuario/Recursos/MiKTeX/tex/generic/pgf/basiclayer/pgfcoreobjects.co
de.tex
File: pgfcoreobjects.code.tex 2023-01-15 v3.1.10 (3.1.10)
)
(D:/Arthur_Usuario/Recursos/MiKTeX/tex/generic/pgf/basiclayer/pgfcorepathproces
sing.code.tex
File: pgfcorepathprocessing.code.tex 2023-01-15 v3.1.10 (3.1.10)
)
(D:/Arthur_Usuario/Recursos/MiKTeX/tex/generic/pgf/basiclayer/pgfcorearrows.cod
e.tex
File: pgfcorearrows.code.tex 2023-01-15 v3.1.10 (3.1.10)
\pgfarrowsep=\dimen265
)
(D:/Arthur_Usuario/Recursos/MiKTeX/tex/generic/pgf/basiclayer/pgfcoreshade.code
.tex
File: pgfcoreshade.code.tex 2023-01-15 v3.1.10 (3.1.10)
\pgf@max=\dimen266
\pgf@sys@shading@range@num=\count303
\pgf@shadingcount=\count304
)
(D:/Arthur_Usuario/Recursos/MiKTeX/tex/generic/pgf/basiclayer/pgfcoreimage.code
.tex
File: pgfcoreimage.code.tex 2023-01-15 v3.1.10 (3.1.10)
)
(D:/Arthur_Usuario/Recursos/MiKTeX/tex/generic/pgf/basiclayer/pgfcoreexternal.c
ode.tex
File: pgfcoreexternal.code.tex 2023-01-15 v3.1.10 (3.1.10)
\pgfexternal@startupbox=\box66
)
(D:/Arthur_Usuario/Recursos/MiKTeX/tex/generic/pgf/basiclayer/pgfcorelayers.cod
e.tex
File: pgfcorelayers.code.tex 2023-01-15 v3.1.10 (3.1.10)
)
(D:/Arthur_Usuario/Recursos/MiKTeX/tex/generic/pgf/basiclayer/pgfcoretransparen
cy.code.tex
File: pgfcoretransparency.code.tex 2023-01-15 v3.1.10 (3.1.10)
)
(D:/Arthur_Usuario/Recursos/MiKTeX/tex/generic/pgf/basiclayer/pgfcorepatterns.c
ode.tex
File: pgfcorepatterns.code.tex 2023-01-15 v3.1.10 (3.1.10)
)
(D:/Arthur_Usuario/Recursos/MiKTeX/tex/generic/pgf/basiclayer/pgfcorerdf.code.t
ex
File: pgfcorerdf.code.tex 2023-01-15 v3.1.10 (3.1.10)
))) (D:/Arthur_Usuario/Recursos/MiKTeX/tex/latex/pgf/utilities/xxcolor.sty
Package: xxcolor 2003/10/24 ver 0.1
\XC@nummixins=\count305
\XC@countmixins=\count306
)
(D:/Arthur_Usuario/Recursos/MiKTeX/tex/latex/base/atbegshi-ltx.sty
Package: atbegshi-ltx 2021/01/10 v1.0c Emulation of the original atbegshi
package with kernel methods
)
(D:/Arthur_Usuario/Recursos/MiKTeX/tex/latex/hyperref/hyperref.sty
Package: hyperref 2024-11-05 v7.01l Hypertext links for LaTeX

(D:/Arthur_Usuario/Recursos/MiKTeX/tex/latex/kvsetkeys/kvsetkeys.sty
Package: kvsetkeys 2022-10-05 v1.19 Key value parser (HO)
)
(D:/Arthur_Usuario/Recursos/MiKTeX/tex/generic/kvdefinekeys/kvdefinekeys.sty
Package: kvdefinekeys 2019-12-19 v1.6 Define keys (HO)
)
(D:/Arthur_Usuario/Recursos/MiKTeX/tex/generic/pdfescape/pdfescape.sty
Package: pdfescape 2019/12/09 v1.15 Implements pdfTeX's escape features (HO)

(D:/Arthur_Usuario/Recursos/MiKTeX/tex/generic/ltxcmds/ltxcmds.sty
Package: ltxcmds 2023-12-04 v1.26 LaTeX kernel commands for general use (HO)
)
(D:/Arthur_Usuario/Recursos/MiKTeX/tex/generic/pdftexcmds/pdftexcmds.sty
Package: pdftexcmds 2020-06-27 v0.33 Utility functions of pdfTeX for LuaTeX (HO
)

(D:/Arthur_Usuario/Recursos/MiKTeX/tex/generic/infwarerr/infwarerr.sty
Package: infwarerr 2019/12/03 v1.5 Providing info/warning/error messages (HO)
)
Package pdftexcmds Info: \pdf@primitive is available.
Package pdftexcmds Info: \pdf@ifprimitive is available.
Package pdftexcmds Info: \pdfdraftmode found.
\pdftexcmds@toks=\toks29
))
(D:/Arthur_Usuario/Recursos/MiKTeX/tex/latex/hycolor/hycolor.sty
Package: hycolor 2020-01-27 v1.10 Color options for hyperref/bookmark (HO)
)
(D:/Arthur_Usuario/Recursos/MiKTeX/tex/latex/hyperref/nameref.sty
Package: nameref 2023-11-26 v2.56 Cross-referencing by name of section

(D:/Arthur_Usuario/Recursos/MiKTeX/tex/latex/refcount/refcount.sty
Package: refcount 2019/12/15 v3.6 Data extraction from label references (HO)
)
(D:/Arthur_Usuario/Recursos/MiKTeX/tex/generic/gettitlestring/gettitlestring.st
y
Package: gettitlestring 2019/12/15 v1.6 Cleanup title references (HO)
 (D:/Arthur_Usuario/Recursos/MiKTeX/tex/latex/kvoptions/kvoptions.sty
Package: kvoptions 2022-06-15 v3.15 Key value format for package options (HO)
))
\c@section@level=\count307
)
(D:/Arthur_Usuario/Recursos/MiKTeX/tex/generic/stringenc/stringenc.sty
Package: stringenc 2019/11/29 v1.12 Convert strings between diff. encodings (HO
)
)
\@linkdim=\dimen267
\Hy@linkcounter=\count308
\Hy@pagecounter=\count309

(D:/Arthur_Usuario/Recursos/MiKTeX/tex/latex/hyperref/pd1enc.def
File: pd1enc.def 2024-11-05 v7.01l Hyperref: PDFDocEncoding definition (HO)
)
(D:/Arthur_Usuario/Recursos/MiKTeX/tex/generic/intcalc/intcalc.sty
Package: intcalc 2019/12/15 v1.3 Expandable calculations with integers (HO)
)
\Hy@SavedSpaceFactor=\count310

(D:/Arthur_Usuario/Recursos/MiKTeX/tex/latex/hyperref/puenc.def
File: puenc.def 2024-11-05 v7.01l Hyperref: PDF Unicode definition (HO)
)
Package hyperref Info: Option `bookmarks' set `true' on input line 4040.
Package hyperref Info: Option `bookmarksopen' set `true' on input line 4040.
Package hyperref Info: Option `implicit' set `false' on input line 4040.
Package hyperref Info: Hyper figures OFF on input line 4157.
Package hyperref Info: Link nesting OFF on input line 4162.
Package hyperref Info: Hyper index ON on input line 4165.
Package hyperref Info: Plain pages OFF on input line 4172.
Package hyperref Info: Backreferencing OFF on input line 4177.
Package hyperref Info: Implicit mode OFF; no redefinition of LaTeX internals.
Package hyperref Info: Bookmarks ON on input line 4424.
\c@Hy@tempcnt=\count311

(D:/Arthur_Usuario/Recursos/MiKTeX/tex/latex/url/url.sty
\Urlmuskip=\muskip17
Package: url 2013/09/16  ver 3.4  Verb mode for urls, etc.
)
LaTeX Info: Redefining \url on input line 4763.
\XeTeXLinkMargin=\dimen268

(D:/Arthur_Usuario/Recursos/MiKTeX/tex/generic/bitset/bitset.sty
Package: bitset 2019/12/09 v1.3 Handle bit-vector datatype (HO)

(D:/Arthur_Usuario/Recursos/MiKTeX/tex/generic/bigintcalc/bigintcalc.sty
Package: bigintcalc 2019/12/15 v1.5 Expandable calculations on big integers (HO
)
))
\Fld@menulength=\count312
\Field@Width=\dimen269
\Fld@charsize=\dimen270
Package hyperref Info: Hyper figures OFF on input line 6042.
Package hyperref Info: Link nesting OFF on input line 6047.
Package hyperref Info: Hyper index ON on input line 6050.
Package hyperref Info: backreferencing OFF on input line 6057.
Package hyperref Info: Link coloring OFF on input line 6062.
Package hyperref Info: Link coloring with OCG OFF on input line 6067.
Package hyperref Info: PDF/A mode OFF on input line 6072.
\Hy@abspage=\count313


Package hyperref Message: Stopped early.

)
Package hyperref Info: Driver (autodetected): hluatex.
 (D:/Arthur_Usuario/Recursos/MiKTeX/tex/latex/hyperref/hluatex.def
File: hluatex.def 2024-11-05 v7.01l Hyperref driver for luaTeX

(D:/Arthur_Usuario/Recursos/MiKTeX/tex/latex/base/atveryend-ltx.sty
Package: atveryend-ltx 2020/08/19 v1.0a Emulation of the original atveryend pac
kage
with kernel methods
)
\Fld@listcount=\count314
\c@bookmark@seq@number=\count315

(D:/Arthur_Usuario/Recursos/MiKTeX/tex/latex/rerunfilecheck/rerunfilecheck.sty
Package: rerunfilecheck 2022-07-10 v1.10 Rerun checks for auxiliary files (HO)

(D:/Arthur_Usuario/Recursos/MiKTeX/tex/generic/uniquecounter/uniquecounter.sty
Package: uniquecounter 2019/12/15 v1.4 Provide unlimited unique counter (HO)
)
Package uniquecounter Info: New unique counter `rerunfilecheck' on input line 2
85.
)) (D:/Arthur_Usuario/Recursos/MiKTeX/tex/latex/beamer/beamerbaserequires.sty
(D:/Arthur_Usuario/Recursos/MiKTeX/tex/latex/beamer/beamerbasecompatibility.sty
) (D:/Arthur_Usuario/Recursos/MiKTeX/tex/latex/beamer/beamerbasefont.sty
(D:/Arthur_Usuario/Recursos/MiKTeX/tex/latex/amsfonts/amssymb.sty
Package: amssymb 2013/01/14 v3.01 AMS font symbols

(D:/Arthur_Usuario/Recursos/MiKTeX/tex/latex/amsfonts/amsfonts.sty
Package: amsfonts 2013/01/14 v3.01 Basic AMSFonts support
\@emptytoks=\toks30
\symAMSa=\mathgroup4
\symAMSb=\mathgroup5
LaTeX Font Info:    Redeclaring math symbol \hbar on input line 98.
LaTeX Font Info:    Overwriting math alphabet `\mathfrak' in version `bold'
(Font)                  U/euf/m/n --> U/euf/b/n on input line 106.
))
(D:/Arthur_Usuario/Recursos/MiKTeX/tex/latex/sansmathaccent/sansmathaccent.sty
Package: sansmathaccent 2020/01/31

(D:/Arthur_Usuario/Recursos/MiKTeX/tex/latex/koma-script/scrlfile.sty
Package: scrlfile 2024/10/24 v3.43 KOMA-Script package (file load hooks)

(D:/Arthur_Usuario/Recursos/MiKTeX/tex/latex/koma-script/scrlfile-hook.sty
Package: scrlfile-hook 2024/10/24 v3.43 KOMA-Script package (using LaTeX hooks)


(D:/Arthur_Usuario/Recursos/MiKTeX/tex/latex/koma-script/scrlogo.sty
Package: scrlogo 2024/10/24 v3.43 KOMA-Script package (logo)
)))))
(D:/Arthur_Usuario/Recursos/MiKTeX/tex/latex/beamer/beamerbasetranslator.sty
(D:/Arthur_Usuario/Recursos/MiKTeX/tex/latex/translator/translator.sty
Package: translator 2021-05-31 v1.12d Easy translation of strings in LaTeX
))
(D:/Arthur_Usuario/Recursos/MiKTeX/tex/latex/beamer/beamerbasemisc.sty)
(D:/Arthur_Usuario/Recursos/MiKTeX/tex/latex/beamer/beamerbasetwoscreens.sty)
(D:/Arthur_Usuario/Recursos/MiKTeX/tex/latex/beamer/beamerbaseoverlay.sty
\beamer@argscount=\count316
\beamer@lastskipcover=\skip52
\beamer@trivlistdepth=\count317
)
(D:/Arthur_Usuario/Recursos/MiKTeX/tex/latex/beamer/beamerbasetitle.sty)
(D:/Arthur_Usuario/Recursos/MiKTeX/tex/latex/beamer/beamerbasesection.sty
\c@lecture=\count318
\c@part=\count319
\c@section=\count320
\c@subsection=\count321
\c@subsubsection=\count322
)
(D:/Arthur_Usuario/Recursos/MiKTeX/tex/latex/beamer/beamerbaseframe.sty
\beamer@framebox=\box67
\beamer@frametitlebox=\box68
\beamer@zoombox=\box69
\beamer@zoomcount=\count323
\beamer@zoomframecount=\count324
\beamer@frametextheight=\dimen271
\c@subsectionslide=\count325
\beamer@frametopskip=\skip53
\beamer@framebottomskip=\skip54
\beamer@frametopskipautobreak=\skip55
\beamer@framebottomskipautobreak=\skip56
\beamer@envbody=\toks31
\framewidth=\dimen272
\c@framenumber=\count326
)
(D:/Arthur_Usuario/Recursos/MiKTeX/tex/latex/beamer/beamerbaseverbatim.sty
\beamer@verbatimfileout=\write4
)
(D:/Arthur_Usuario/Recursos/MiKTeX/tex/latex/beamer/beamerbaseframesize.sty
\beamer@splitbox=\box70
\beamer@autobreakcount=\count327
\beamer@autobreaklastheight=\dimen273
\beamer@frametitletoks=\toks32
\beamer@framesubtitletoks=\toks33
)
(D:/Arthur_Usuario/Recursos/MiKTeX/tex/latex/beamer/beamerbaseframecomponents.s
ty
\beamer@footins=\box71
) (D:/Arthur_Usuario/Recursos/MiKTeX/tex/latex/beamer/beamerbasecolor.sty)
(D:/Arthur_Usuario/Recursos/MiKTeX/tex/latex/beamer/beamerbasenotes.sty
\beamer@frameboxcopy=\box72
)
(D:/Arthur_Usuario/Recursos/MiKTeX/tex/latex/beamer/beamerbasetoc.sty)
(D:/Arthur_Usuario/Recursos/MiKTeX/tex/latex/beamer/beamerbasetemplates.sty
\beamer@sbttoks=\toks34

(D:/Arthur_Usuario/Recursos/MiKTeX/tex/latex/beamer/beamerbaseauxtemplates.sty
(D:/Arthur_Usuario/Recursos/MiKTeX/tex/latex/beamer/beamerbaseboxes.sty
\bmb@box=\box73
\bmb@colorbox=\box74
\bmb@boxwidth=\dimen274
\bmb@boxheight=\dimen275
\bmb@prevheight=\dimen276
\bmb@temp=\dimen277
\bmb@dima=\dimen278
\bmb@dimb=\dimen279
\bmb@prevheight=\dimen280
)
\beamer@blockheadheight=\dimen281
))
(D:/Arthur_Usuario/Recursos/MiKTeX/tex/latex/beamer/beamerbaselocalstructure.st
y (D:/Arthur_Usuario/Recursos/MiKTeX/tex/latex/tools/enumerate.sty
Package: enumerate 2023/07/04 v3.00 enumerate extensions (DPC)
\@enLab=\toks35
)
\beamer@bibiconwidth=\skip57
\c@figure=\count328
\c@table=\count329
\abovecaptionskip=\skip58
\belowcaptionskip=\skip59
)
(D:/Arthur_Usuario/Recursos/MiKTeX/tex/latex/beamer/beamerbasenavigation.sty
(D:/Arthur_Usuario/Recursos/MiKTeX/tex/latex/beamer/beamerbasenavigationsymbols
.tex)
\beamer@section@min@dim=\dimen282
)
(D:/Arthur_Usuario/Recursos/MiKTeX/tex/latex/beamer/beamerbasetheorems.sty
(D:/Arthur_Usuario/Recursos/MiKTeX/tex/latex/amsmath/amsmath.sty
Package: amsmath 2024/11/05 v2.17t AMS math features
\@mathmargin=\skip60

For additional information on amsmath, use the `?' option.
(D:/Arthur_Usuario/Recursos/MiKTeX/tex/latex/amsmath/amstext.sty
Package: amstext 2021/08/26 v2.01 AMS text

(D:/Arthur_Usuario/Recursos/MiKTeX/tex/latex/amsmath/amsgen.sty
File: amsgen.sty 1999/11/30 v2.0 generic functions
\@emptytoks=\toks36
\ex@=\dimen283
))
(D:/Arthur_Usuario/Recursos/MiKTeX/tex/latex/amsmath/amsbsy.sty
Package: amsbsy 1999/11/29 v1.2d Bold Symbols
\pmbraise@=\dimen284
)
(D:/Arthur_Usuario/Recursos/MiKTeX/tex/latex/amsmath/amsopn.sty
Package: amsopn 2022/04/08 v2.04 operator names
)
\inf@bad=\count330
LaTeX Info: Redefining \frac on input line 235.
\uproot@=\count331
\leftroot@=\count332
LaTeX Info: Redefining \overline on input line 398.
LaTeX Info: Redefining \colon on input line 409.
\classnum@=\count333
\DOTSCASE@=\count334
LaTeX Info: Redefining \ldots on input line 495.
LaTeX Info: Redefining \dots on input line 498.
LaTeX Info: Redefining \cdots on input line 619.
\Mathstrutbox@=\box75
\strutbox@=\box76
LaTeX Info: Redefining \big on input line 721.
LaTeX Info: Redefining \Big on input line 722.
LaTeX Info: Redefining \bigg on input line 723.
LaTeX Info: Redefining \Bigg on input line 724.
\big@size=\dimen285
LaTeX Font Info:    Redeclaring font encoding OML on input line 742.
LaTeX Font Info:    Redeclaring font encoding OMS on input line 743.
\macc@depth=\count335
LaTeX Info: Redefining \bmod on input line 904.
LaTeX Info: Redefining \pmod on input line 909.
LaTeX Info: Redefining \smash on input line 939.
LaTeX Info: Redefining \relbar on input line 969.
LaTeX Info: Redefining \Relbar on input line 970.
\c@MaxMatrixCols=\count336
\dotsspace@=\muskip18
\c@parentequation=\count337
\dspbrk@lvl=\count338
\tag@help=\toks37
\row@=\count339
\column@=\count340
\maxfields@=\count341
\andhelp@=\toks38
\eqnshift@=\dimen286
\alignsep@=\dimen287
\tagshift@=\dimen288
\tagwidth@=\dimen289
\totwidth@=\dimen290
\lineht@=\dimen291
\@envbody=\toks39
\multlinegap=\skip61
\multlinetaggap=\skip62
\mathdisplay@stack=\toks40
LaTeX Info: Redefining \[ on input line 2953.
LaTeX Info: Redefining \] on input line 2954.
)
(D:/Arthur_Usuario/Recursos/MiKTeX/tex/latex/amscls/amsthm.sty
Package: amsthm 2020/05/29 v2.20.6
\thm@style=\toks41
\thm@bodyfont=\toks42
\thm@headfont=\toks43
\thm@notefont=\toks44
\thm@headpunct=\toks45
\thm@preskip=\skip63
\thm@postskip=\skip64
\thm@headsep=\skip65
\dth@everypar=\toks46
)
\c@theorem=\count342
)
(D:/Arthur_Usuario/Recursos/MiKTeX/tex/latex/beamer/beamerbasethemes.sty))
(D:/Arthur_Usuario/Recursos/MiKTeX/tex/latex/beamer/beamerthemedefault.sty
(D:/Arthur_Usuario/Recursos/MiKTeX/tex/latex/beamer/beamerfontthemedefault.sty)
(D:/Arthur_Usuario/Recursos/MiKTeX/tex/latex/beamer/beamercolorthemedefault.sty
)
(D:/Arthur_Usuario/Recursos/MiKTeX/tex/latex/beamer/beamerinnerthemedefault.sty
\beamer@dima=\dimen292
\beamer@dimb=\dimen293
)
(D:/Arthur_Usuario/Recursos/MiKTeX/tex/latex/beamer/beamerouterthemedefault.sty
))) (D:/Arthur_Usuario/Recursos/MiKTeX/tex/latex/beamer/beamerthemeLuebeck.sty
(D:/Arthur_Usuario/Recursos/MiKTeX/tex/latex/beamer/beamerouterthemesplit.sty)
(D:/Arthur_Usuario/Recursos/MiKTeX/tex/latex/beamer/beamerinnerthemerectangles.
sty)
(D:/Arthur_Usuario/Recursos/MiKTeX/tex/latex/beamer/beamercolorthemewhale.sty)
(D:/Arthur_Usuario/Recursos/MiKTeX/tex/latex/beamer/beamercolorthemeorchid.sty))
 (D:/Arthur_Usuario/Recursos/MiKTeX/tex/latex/base/inputenc.sty
Package: inputenc 2024/02/08 v1.3d Input encoding file
\inpenc@prehook=\toks47
\inpenc@posthook=\toks48
)
(D:/Arthur_Usuario/Recursos/MiKTeX/tex/latex/ragged2e/ragged2e.sty
Package: ragged2e 2023/06/22 v3.6 ragged2e Package
\CenteringLeftskip=\skip66
\RaggedLeftLeftskip=\skip67
\RaggedRightLeftskip=\skip68
\CenteringRightskip=\skip69
\RaggedLeftRightskip=\skip70
\RaggedRightRightskip=\skip71
\CenteringParfillskip=\skip72
\RaggedLeftParfillskip=\skip73
\RaggedRightParfillskip=\skip74
\JustifyingParfillskip=\skip75
\CenteringParindent=\skip76
\RaggedLeftParindent=\skip77
\RaggedRightParindent=\skip78
\JustifyingParindent=\skip79
)
(D:/Arthur_Usuario/Recursos/MiKTeX/tex/latex/tools/array.sty
Package: array 2024/10/17 v2.6g Tabular extension package (FMi)
\col@sep=\dimen294
\ar@mcellbox=\box77
\extrarowheight=\dimen295
\NC@list=\toks49
\extratabsurround=\skip80
\backup@length=\skip81
\ar@cellbox=\box78
)
(D:/Arthur_Usuario/Recursos/MiKTeX/tex/generic/babel/babel.sty
Package: babel 2025/03/27 v25.6 The multilingual framework for pdfLaTeX, LuaLaT
eX and XeLaTeX

(D:/Arthur_Usuario/Recursos/MiKTeX/tex/generic/babel/luababel.def
\bbl@readstream=\read3
\l@afrikaans=\language2
Package babel Info: Non-standard hyphenation setup on input line 118.
\l@ancientgreek=\language3
\l@armenian=\language4
\l@assamese=\language5
\l@basque=\language6
\l@belarusian=\language7
\l@bengali=\language8
\l@bokmal=\language9
\l@bulgarian=\language10
\l@catalan=\language11
\l@churchslavonic=\language12
\l@classiclatin=\language13
\l@coptic=\language14
\l@croatian=\language15
\l@czech=\language16
\l@danish=\language17
\l@dutch=\language18
\l@esperanto=\language19
\l@estonian=\language20
\l@ethiopic=\language21
\l@finnish=\language22
\l@french=\language23
\l@friulan=\language24
\l@galician=\language25
\l@georgian=\language26
\l@german=\language27
\l@greek=\language28
\l@gujarati=\language29
\l@hindi=\language30
\l@hungarian=\language31
\l@icelandic=\language32
\l@indonesian=\language33
\l@interlingua=\language34
\l@irish=\language35
\l@italian=\language36
\l@kannada=\language37
\l@kurmanji=\language38
\l@latin=\language39
\l@latvian=\language40
\l@lithuanian=\language41
\l@liturgicallatin=\language42
\l@macedonian=\language43
\l@malayalam=\language44
\l@marathi=\language45
\l@mongolian=\language46
\l@mongolianlmc=\language47
\l@monogreek=\language48
\l@ngerman=\language49
\l@nynorsk=\language50
\l@occitan=\language51
\l@oriya=\language52
\l@pali=\language53
\l@panjabi=\language54
\l@piedmontese=\language55
\l@polish=\language56
\l@portuguese=\language57
\l@romanian=\language58
\l@romansh=\language59
\l@russian=\language60
\l@sanskrit=\language61
\l@serbian=\language62
\l@serbianc=\language63
\l@slovak=\language64
\l@slovenian=\language65
\l@spanish=\language66
\l@swedish=\language67
\l@swissgerman=\language68
\l@tamil=\language69
\l@telugu=\language70
\l@thai=\language71
\l@turkish=\language72
\l@turkmen=\language73
\l@ukenglish=\language74
\l@ukrainian=\language75
\l@uppersorbian=\language76
\l@usenglishmax=\language77
\l@welsh=\language78
\babelcatcodetablenum=\catcodetable14
\bbl@pattcodes=\catcodetable15
)
\babel@savecnt=\count343
\U@D=\dimen296
\l@unhyphenated=\language79

(D:/Arthur_Usuario/Recursos/MiKTeX/tex/generic/babel/luababel.def
\bbl@attr@locale=\attribute4
)
LaTeX Info: Redefining \textlatin on input line 3860.

*************************************
* Local config file bblopts.cfg used
*
(D:/Arthur_Usuario/Recursos/MiKTeX/tex/latex/arabi/bblopts.cfg
File: bblopts.cfg 2005/09/08 v0.1 add Arabic and Farsi to "declared" options of
 babel
)
(D:/Arthur_Usuario/Recursos/MiKTeX/tex/latex/babel-portuges/brazil.ldf
Language: portuges 2021/07/09 v1.2t Portuguese support from the babel system
Package babel Info: Hyphen rules for 'brazil' set to \l@portuguese
(babel)             (\language57). Reported on input line 111.
Package babel Info: Making " an active character on input line 143.

(D:/Arthur_Usuario/Recursos/MiKTeX/tex/generic/hyph-utf8/loadhyph/loadhyph-pt.t
ex UTF-8 Portuguese hyphenation patterns
(D:/Arthur_Usuario/Recursos/MiKTeX/tex/generic/hyph-utf8/patterns/tex/hyph-pt.t
ex)))) (D:/Arthur_Usuario/Recursos/MiKTeX/tex/latex/listings/listings.sty
\lst@mode=\count344
\lst@gtempboxa=\box79
\lst@token=\toks50
\lst@length=\count345
\lst@currlwidth=\dimen297
\lst@column=\count346
\lst@pos=\count347
\lst@lostspace=\dimen298
\lst@width=\dimen299
\lst@newlines=\count348
\lst@lineno=\count349
\lst@maxwidth=\dimen300

(D:/Arthur_Usuario/Recursos/MiKTeX/tex/latex/listings/lstpatch.sty
File: lstpatch.sty 2024/09/23 1.10c (Carsten Heinz)
)
(D:/Arthur_Usuario/Recursos/MiKTeX/tex/latex/listings/lstmisc.sty
File: lstmisc.sty 2024/09/23 1.10c (Carsten Heinz)
\c@lstnumber=\count350
\lst@skipnumbers=\count351
\lst@framebox=\box80
)
(D:/Arthur_Usuario/Recursos/MiKTeX/tex/latex/listings/listings.cfg
File: listings.cfg 2024/09/23 1.10c listings configuration
))
Package: listings 2024/09/23 1.10c (Carsten Heinz)

(D:/Arthur_Usuario/Recursos/MiKTeX/tex/latex/tools/verbatim.sty
Package: verbatim 2024-01-22 v1.5x LaTeX2e package for verbatim enhancements
\every@verbatim=\toks51
\verbatim@line=\toks52
\verbatim@in@stream=\read4
)
(D:/Arthur_Usuario/Recursos/MiKTeX/tex/generic/soul/soul.sty
Package: soul 2023-06-14 v3.1 Permit use of UTF-8 characters in soul (HO)

(D:/Arthur_Usuario/Recursos/MiKTeX/tex/generic/soul/soul-ori.sty
Package: soul-ori 2023-06-14 v3.1 letterspacing/underlining (mf)
\SOUL@word=\toks53
\SOUL@lasttoken=\toks54
\SOUL@syllable=\toks55
\SOUL@cmds=\toks56
\SOUL@buffer=\toks57
\SOUL@token=\toks58
\SOUL@syllgoal=\dimen301
\SOUL@syllwidth=\dimen302
\SOUL@charkern=\dimen303
\SOUL@hyphkern=\dimen304
\SOUL@dimen=\dimen305
\SOUL@dimeni=\dimen306
\SOUL@minus=\count352
\SOUL@comma=\count353
\SOUL@apo=\count354
\SOUL@grave=\count355
\SOUL@spaceskip=\skip82
\SOUL@ttwidth=\dimen307
\SOUL@uldp=\dimen308
\SOUL@ulht=\dimen309
)
(D:/Arthur_Usuario/Recursos/MiKTeX/tex/generic/etexcmds/etexcmds.sty
Package: etexcmds 2019/12/15 v1.7 Avoid name clashes with e-TeX commands (HO)
))
(D:/Arthur_Usuario/Recursos/MiKTeX/tex/latex/listings/lstlang1.sty
File: lstlang1.sty 2024/09/23 1.10c listings language file
)
(D:/Arthur_Usuario/Recursos/MiKTeX/tex/latex/listings/lstlang2.sty
File: lstlang2.sty 2024/09/23 1.10c listings language file
)
(D:/Arthur_Usuario/Recursos/MiKTeX/tex/latex/listings/lstlang3.sty
File: lstlang3.sty 2024/09/23 1.10c listings language file
)
(D:/Arthur_Usuario/Recursos/MiKTeX/tex/latex/l3backend/l3backend-luatex.def
File: l3backend-luatex.def 2024-05-08 L3 backend support: PDF output (LuaTeX)
\l__color_backend_stack_int=\count356
Inserting `l3color' in `luaotfload.parse_color'.
\l__pdf_internal_box=\box81
)
(./graficos.aux
Package babel Info: 'brazil' activates 'portuges' shorthands.
(babel)             Reported  on input line 8.
)
\openout1 = graficos.aux

LaTeX Font Info:    Checking defaults for OML/cmm/m/it on input line 63.
LaTeX Font Info:    ... okay on input line 63.
LaTeX Font Info:    Checking defaults for OMS/cmsy/m/n on input line 63.
LaTeX Font Info:    ... okay on input line 63.
LaTeX Font Info:    Checking defaults for OT1/cmr/m/n on input line 63.
LaTeX Font Info:    ... okay on input line 63.
LaTeX Font Info:    Checking defaults for T1/cmr/m/n on input line 63.
LaTeX Font Info:    ... okay on input line 63.
LaTeX Font Info:    Checking defaults for TS1/cmr/m/n on input line 63.
LaTeX Font Info:    ... okay on input line 63.
LaTeX Font Info:    Checking defaults for TU/lmr/m/n on input line 63.
LaTeX Font Info:    ... okay on input line 63.
LaTeX Font Info:    Checking defaults for OMX/cmex/m/n on input line 63.
LaTeX Font Info:    ... okay on input line 63.
LaTeX Font Info:    Checking defaults for U/cmr/m/n on input line 63.
LaTeX Font Info:    ... okay on input line 63.
LaTeX Font Info:    Checking defaults for PD1/pdf/m/n on input line 63.
LaTeX Font Info:    ... okay on input line 63.
LaTeX Font Info:    Checking defaults for PU/pdf/m/n on input line 63.
LaTeX Font Info:    ... okay on input line 63.

*geometry* driver: auto-detecting
*geometry* detected driver: luatex
*geometry* verbose mode - [ preamble ] result:
* driver: luatex
* paper: custom
* layout: <same size as paper>
* layoutoffset:(h,v)=(0.0pt,0.0pt)
* modes: includehead includefoot 
* h-part:(L,W,R)=(28.45274pt, 307.28987pt, 28.45274pt)
* v-part:(T,H,B)=(0.0pt, 273.14662pt, 0.0pt)
* \paperwidth=364.19536pt
* \paperheight=273.14662pt
* \textwidth=307.28987pt
* \textheight=244.6939pt
* \oddsidemargin=-43.81725pt
* \evensidemargin=-43.81725pt
* \topmargin=-72.26999pt
* \headheight=14.22636pt
* \headsep=0.0pt
* \topskip=11.0pt
* \footskip=14.22636pt
* \marginparwidth=4.0pt
* \marginparsep=10.0pt
* \columnsep=10.0pt
* \skip\footins=10.0pt plus 4.0pt minus 2.0pt
* \hoffset=0.0pt
* \voffset=0.0pt
* \mag=1000
* \@twocolumnfalse
* \@twosidefalse
* \@mparswitchfalse
* \@reversemarginfalse
* (1in=72.27pt=25.4mm, 1cm=28.453pt)

(D:/Arthur_Usuario/Recursos/MiKTeX/tex/context/base/mkii/supp-pdf.mkii
[Loading MPS to PDF converter (version 2006.09.02).]
\scratchcounter=\count357
\scratchdimen=\dimen310
\scratchbox=\box82
\nofMPsegments=\count358
\nofMParguments=\count359
\everyMPshowfont=\toks59
\MPscratchCnt=\count360
\MPscratchDim=\dimen311
\MPnumerator=\count361
\makeMPintoPDFobject=\count362
\everyMPtoPDFconversion=\toks60
) (D:/Arthur_Usuario/Recursos/MiKTeX/tex/latex/epstopdf-pkg/epstopdf-base.sty
Package: epstopdf-base 2020-01-24 v2.11 Base part for package epstopdf
Package epstopdf-base Info: Redefining graphics rule for `.eps' on input line 4
85.

(D:/Arthur_Usuario/Recursos/MiKTeX/tex/latex/00miktex/epstopdf-sys.cfg
File: epstopdf-sys.cfg 2021/03/18 v2.0 Configuration of epstopdf for MiKTeX
))
Package hyperref Info: Link coloring OFF on input line 63.

(./graficos.out) (./graficos.out)
\@outlinefile=\write5

\openout5 = graficos.out
LaTeX Font Info:    Overwriting symbol font `operators' in version `normal'
(Font)                  OT1/cmr/m/n --> OT1/cmss/m/n on input line 63.
LaTeX Font Info:    Overwriting symbol font `operators' in version `bold'
(Font)                  OT1/cmr/bx/n --> OT1/cmss/b/n on input line 63.
\symnumbers=\mathgroup6
\sympureletters=\mathgroup7
LaTeX Font Info:    Overwriting math alphabet `\mathrm' in version `normal'
(Font)                  OT1/cmss/m/n --> TU/lmr/m/n on input line 63.
LaTeX Font Info:    Redeclaring math alphabet \mathbf on input line 63.
LaTeX Font Info:    Overwriting math alphabet `\mathbf' in version `normal'
(Font)                  OT1/cmr/bx/n --> TU/lmss/b/n on input line 63.
LaTeX Font Info:    Overwriting math alphabet `\mathbf' in version `bold'
(Font)                  OT1/cmr/bx/n --> TU/lmss/b/n on input line 63.
LaTeX Font Info:    Redeclaring math alphabet \mathsf on input line 63.
LaTeX Font Info:    Overwriting math alphabet `\mathsf' in version `normal'
(Font)                  OT1/cmss/m/n --> TU/lmss/m/n on input line 63.
LaTeX Font Info:    Overwriting math alphabet `\mathsf' in version `bold'
(Font)                  OT1/cmss/bx/n --> TU/lmss/m/n on input line 63.
LaTeX Font Info:    Redeclaring math alphabet \mathit on input line 63.
LaTeX Font Info:    Overwriting math alphabet `\mathit' in version `normal'
(Font)                  OT1/cmr/m/it --> TU/lmss/m/it on input line 63.
LaTeX Font Info:    Overwriting math alphabet `\mathit' in version `bold'
(Font)                  OT1/cmr/bx/it --> TU/lmss/m/it on input line 63.
LaTeX Font Info:    Redeclaring math alphabet \mathtt on input line 63.
LaTeX Font Info:    Overwriting math alphabet `\mathtt' in version `normal'
(Font)                  OT1/cmtt/m/n --> TU/lmtt/m/n on input line 63.
LaTeX Font Info:    Overwriting math alphabet `\mathtt' in version `bold'
(Font)                  OT1/cmtt/m/n --> TU/lmtt/m/n on input line 63.
LaTeX Font Info:    Overwriting symbol font `numbers' in version `bold'
(Font)                  TU/lmss/m/n --> TU/lmss/b/n on input line 63.
LaTeX Font Info:    Overwriting symbol font `pureletters' in version `bold'
(Font)                  TU/lmss/m/it --> TU/lmss/b/it on input line 63.
LaTeX Font Info:    Overwriting math alphabet `\mathrm' in version `bold'
(Font)                  OT1/cmss/b/n --> TU/lmr/b/n on input line 63.
LaTeX Font Info:    Overwriting math alphabet `\mathbf' in version `bold'
(Font)                  TU/lmss/b/n --> TU/lmss/b/n on input line 63.
LaTeX Font Info:    Overwriting math alphabet `\mathsf' in version `bold'
(Font)                  TU/lmss/m/n --> TU/lmss/b/n on input line 63.
LaTeX Font Info:    Overwriting math alphabet `\mathit' in version `bold'
(Font)                  TU/lmss/m/it --> TU/lmss/b/it on input line 63.
LaTeX Font Info:    Overwriting math alphabet `\mathtt' in version `bold'
(Font)                  TU/lmtt/m/n --> TU/lmtt/b/n on input line 63.

(D:/Arthur_Usuario/Recursos/MiKTeX/tex/latex/translator/translator-basic-dictio
nary-English.dict
Dictionary: translator-basic-dictionary, Language: English 
)
(D:/Arthur_Usuario/Recursos/MiKTeX/tex/latex/translator/translator-bibliography
-dictionary-English.dict
Dictionary: translator-bibliography-dictionary, Language: English 
)
(D:/Arthur_Usuario/Recursos/MiKTeX/tex/latex/translator/translator-environment-
dictionary-English.dict
Dictionary: translator-environment-dictionary, Language: English 
)
(D:/Arthur_Usuario/Recursos/MiKTeX/tex/latex/translator/translator-months-dicti
onary-English.dict
Dictionary: translator-months-dictionary, Language: English 
)
(D:/Arthur_Usuario/Recursos/MiKTeX/tex/latex/translator/translator-numbers-dict
ionary-English.dict
Dictionary: translator-numbers-dictionary, Language: English 
)
(D:/Arthur_Usuario/Recursos/MiKTeX/tex/latex/translator/translator-theorem-dict
ionary-English.dict
Dictionary: translator-theorem-dictionary, Language: English 
)
\c@lstlisting=\count363
 (./graficos.nav)

<1200px-Instituto_Federal_de_Brasília_-_Marca_Vertical_2015.svg (1).png, id=26
, 1204.5pt x 1033.8625pt>
File: 1200px-Instituto_Federal_de_Brasília_-_Marca_Vertical_2015.svg (1).png G
raphic file (type png)
<use 1200px-Instituto_Federal_de_Brasília_-_Marca_Vertical_2015.svg (1).png>
Package luatex.def Info: 1200px-Instituto_Federal_de_Brasília_-_Marca_Vertical
_2015.svg (1).png  used on input line 65.
(luatex.def)             Requested size: 24.09508pt x 20.68161pt.
[1{C:/Users/Arthur Augusto/AppData/Local/MiKTeX/fonts/map/pdftex/pdftex.map}

<./1200px-Instituto_Federal_de_Brasília_-_Marca_Vertical_2015.svg (1).png>]
(./graficos.toc)

File: 1200px-Instituto_Federal_de_Brasília_-_Marca_Vertical_2015.svg (1).png G
raphic file (type png)
<use 1200px-Instituto_Federal_de_Brasília_-_Marca_Vertical_2015.svg (1).png>
Package luatex.def Info: 1200px-Instituto_Federal_de_Brasília_-_Marca_Vertical
_2015.svg (1).png  used on input line 70.
(luatex.def)             Requested size: 24.09508pt x 20.68161pt.
[2

]
<boxplot_radiacao_AM.pdf, id=101, 578.16pt x 361.35pt>
File: boxplot_radiacao_AM.pdf Graphic file (type pdf)
<use boxplot_radiacao_AM.pdf>
Package luatex.def Info: boxplot_radiacao_AM.pdf  used on input line 78.
(luatex.def)             Requested size: 307.28987pt x 192.05493pt.


File: 1200px-Instituto_Federal_de_Brasília_-_Marca_Vertical_2015.svg (1).png G
raphic file (type png)
<use 1200px-Instituto_Federal_de_Brasília_-_Marca_Vertical_2015.svg (1).png>
Package luatex.def Info: 1200px-Instituto_Federal_de_Brasília_-_Marca_Vertical
_2015.svg (1).png  used on input line 78.
(luatex.def)             Requested size: 24.09508pt x 20.68161pt.
[3

<./boxplot_radiacao_AM.pdf>]
<boxplot_radiacao_BA.pdf, id=144, 578.16pt x 361.35pt>
File: boxplot_radiacao_BA.pdf Graphic file (type pdf)
<use boxplot_radiacao_BA.pdf>
Package luatex.def Info: boxplot_radiacao_BA.pdf  used on input line 84.
(luatex.def)             Requested size: 307.28987pt x 192.05493pt.


File: 1200px-Instituto_Federal_de_Brasília_-_Marca_Vertical_2015.svg (1).png G
raphic file (type png)
<use 1200px-Instituto_Federal_de_Brasília_-_Marca_Vertical_2015.svg (1).png>
Package luatex.def Info: 1200px-Instituto_Federal_de_Brasília_-_Marca_Vertical
_2015.svg (1).png  used on input line 84.
(luatex.def)             Requested size: 24.09508pt x 20.68161pt.
[4

<./boxplot_radiacao_BA.pdf>]
<boxplot_radiacao_DF.pdf, id=186, 578.16pt x 361.35pt>
File: boxplot_radiacao_DF.pdf Graphic file (type pdf)
<use boxplot_radiacao_DF.pdf>
Package luatex.def Info: boxplot_radiacao_DF.pdf  used on input line 90.
(luatex.def)             Requested size: 307.28987pt x 192.05493pt.


File: 1200px-Instituto_Federal_de_Brasília_-_Marca_Vertical_2015.svg (1).png G
raphic file (type png)
<use 1200px-Instituto_Federal_de_Brasília_-_Marca_Vertical_2015.svg (1).png>
Package luatex.def Info: 1200px-Instituto_Federal_de_Brasília_-_Marca_Vertical
_2015.svg (1).png  used on input line 90.
(luatex.def)             Requested size: 24.09508pt x 20.68161pt.
[5

<./boxplot_radiacao_DF.pdf>]
<boxplot_radiacao_RJ.pdf, id=228, 578.16pt x 361.35pt>
File: boxplot_radiacao_RJ.pdf Graphic file (type pdf)
<use boxplot_radiacao_RJ.pdf>
Package luatex.def Info: boxplot_radiacao_RJ.pdf  used on input line 96.
(luatex.def)             Requested size: 307.28987pt x 192.05493pt.


File: 1200px-Instituto_Federal_de_Brasília_-_Marca_Vertical_2015.svg (1).png G
raphic file (type png)
<use 1200px-Instituto_Federal_de_Brasília_-_Marca_Vertical_2015.svg (1).png>
Package luatex.def Info: 1200px-Instituto_Federal_de_Brasília_-_Marca_Vertical
_2015.svg (1).png  used on input line 96.
(luatex.def)             Requested size: 24.09508pt x 20.68161pt.
[6

<./boxplot_radiacao_RJ.pdf>]
<boxplot_radiacao_RS.pdf, id=269, 578.16pt x 361.35pt>
File: boxplot_radiacao_RS.pdf Graphic file (type pdf)
<use boxplot_radiacao_RS.pdf>
Package luatex.def Info: boxplot_radiacao_RS.pdf  used on input line 102.
(luatex.def)             Requested size: 307.28987pt x 192.05493pt.


File: 1200px-Instituto_Federal_de_Brasília_-_Marca_Vertical_2015.svg (1).png G
raphic file (type png)
<use 1200px-Instituto_Federal_de_Brasília_-_Marca_Vertical_2015.svg (1).png>
Package luatex.def Info: 1200px-Instituto_Federal_de_Brasília_-_Marca_Vertical
_2015.svg (1).png  used on input line 102.
(luatex.def)             Requested size: 24.09508pt x 20.68161pt.
[7

<./boxplot_radiacao_RS.pdf>]
<boxplot_radiacao_reconstruido_AM.pdf, id=310, 578.16pt x 361.35pt>
File: boxplot_radiacao_reconstruido_AM.pdf Graphic file (type pdf)
<use boxplot_radiacao_reconstruido_AM.pdf>
Package luatex.def Info: boxplot_radiacao_reconstruido_AM.pdf  used on input li
ne 109.
(luatex.def)             Requested size: 307.28987pt x 192.05493pt.


File: 1200px-Instituto_Federal_de_Brasília_-_Marca_Vertical_2015.svg (1).png G
raphic file (type png)
<use 1200px-Instituto_Federal_de_Brasília_-_Marca_Vertical_2015.svg (1).png>
Package luatex.def Info: 1200px-Instituto_Federal_de_Brasília_-_Marca_Vertical
_2015.svg (1).png  used on input line 109.
(luatex.def)             Requested size: 24.09508pt x 20.68161pt.
[8

<./boxplot_radiacao_reconstruido_AM.pdf>]
<boxplot_radiacao_reconstruido_BA.pdf, id=353, 578.16pt x 361.35pt>
File: boxplot_radiacao_reconstruido_BA.pdf Graphic file (type pdf)
<use boxplot_radiacao_reconstruido_BA.pdf>
Package luatex.def Info: boxplot_radiacao_reconstruido_BA.pdf  used on input li
ne 115.
(luatex.def)             Requested size: 307.28987pt x 192.05493pt.


File: 1200px-Instituto_Federal_de_Brasília_-_Marca_Vertical_2015.svg (1).png G
raphic file (type png)
<use 1200px-Instituto_Federal_de_Brasília_-_Marca_Vertical_2015.svg (1).png>
Package luatex.def Info: 1200px-Instituto_Federal_de_Brasília_-_Marca_Vertical
_2015.svg (1).png  used on input line 115.
(luatex.def)             Requested size: 24.09508pt x 20.68161pt.
[9

<./boxplot_radiacao_reconstruido_BA.pdf>]
<boxplot_radiacao_reconstruido_DF.pdf, id=395, 578.16pt x 361.35pt>
File: boxplot_radiacao_reconstruido_DF.pdf Graphic file (type pdf)
<use boxplot_radiacao_reconstruido_DF.pdf>
Package luatex.def Info: boxplot_radiacao_reconstruido_DF.pdf  used on input li
ne 121.
(luatex.def)             Requested size: 307.28987pt x 192.05493pt.


File: 1200px-Instituto_Federal_de_Brasília_-_Marca_Vertical_2015.svg (1).png G
raphic file (type png)
<use 1200px-Instituto_Federal_de_Brasília_-_Marca_Vertical_2015.svg (1).png>
Package luatex.def Info: 1200px-Instituto_Federal_de_Brasília_-_Marca_Vertical
_2015.svg (1).png  used on input line 121.
(luatex.def)             Requested size: 24.09508pt x 20.68161pt.
[10

<./boxplot_radiacao_reconstruido_DF.pdf>]
<boxplot_radiacao_reconstruido_RJ.pdf, id=437, 578.16pt x 361.35pt>
File: boxplot_radiacao_reconstruido_RJ.pdf Graphic file (type pdf)
<use boxplot_radiacao_reconstruido_RJ.pdf>
Package luatex.def Info: boxplot_radiacao_reconstruido_RJ.pdf  used on input li
ne 127.
(luatex.def)             Requested size: 307.28987pt x 192.05493pt.


File: 1200px-Instituto_Federal_de_Brasília_-_Marca_Vertical_2015.svg (1).png G
raphic file (type png)
<use 1200px-Instituto_Federal_de_Brasília_-_Marca_Vertical_2015.svg (1).png>
Package luatex.def Info: 1200px-Instituto_Federal_de_Brasília_-_Marca_Vertical
_2015.svg (1).png  used on input line 127.
(luatex.def)             Requested size: 24.09508pt x 20.68161pt.
[11

<./boxplot_radiacao_reconstruido_RJ.pdf>]
<boxplot_radiacao_reconstruido_RS.pdf, id=479, 578.16pt x 361.35pt>
File: boxplot_radiacao_reconstruido_RS.pdf Graphic file (type pdf)
<use boxplot_radiacao_reconstruido_RS.pdf>
Package luatex.def Info: boxplot_radiacao_reconstruido_RS.pdf  used on input li
ne 133.
(luatex.def)             Requested size: 307.28987pt x 192.05493pt.


File: 1200px-Instituto_Federal_de_Brasília_-_Marca_Vertical_2015.svg (1).png G
raphic file (type png)
<use 1200px-Instituto_Federal_de_Brasília_-_Marca_Vertical_2015.svg (1).png>
Package luatex.def Info: 1200px-Instituto_Federal_de_Brasília_-_Marca_Vertical
_2015.svg (1).png  used on input line 133.
(luatex.def)             Requested size: 24.09508pt x 20.68161pt.
[12

<./boxplot_radiacao_reconstruido_RS.pdf>]
\tf@nav=\write6

\openout6 = graficos.nav
\tf@toc=\write7

\openout7 = graficos.toc
\tf@snm=\write8

\openout8 = graficos.snm
 (./graficos.aux)
 ***********
LaTeX2e <2024-11-01> patch level 2
L3 programming layer <2025-01-18>
 ***********
Package rerunfilecheck Info: File `graficos.out' has not changed.
(rerunfilecheck)             Checksum: A9B236B891B3BF05865DC3688464A7BE;391.
)

Here is how much of LuaTeX's memory you used:
 25225 strings out of 475506
 100000,1144653 words of node,token memory allocated
 3434 words of node memory still in use:
   50 hlist, 15 vlist, 8 rule, 13 disc, 6 local_par, 84 glue, 17 kern, 13 penalt
y, 86 glyph, 205 attribute, 76 glue_spec, 105 attribute_list, 4 write, 3 pdf_lit
eral, 2 pdf_start_link, 2 pdf_end_link, 2 pdf_action, 38 pdf_colorstack, 1 pdf_s
etmatrix, 1 pdf_save, 1 pdf_restore nodes
   avail lists: 2:1036,3:371,4:361,5:185,6:63,7:1439,9:628,10:7,11:129
 47351 multiletter control sequences out of 65536+600000
 23 fonts using 1728047 bytes
 128i,19n,116p,593b,634s stack positions out of 10000i,1000n,20000p,200000b,200000s
<d:/arthur_usuario/recursos/miktex/fonts/opentype/public/lm/lmsans10-bold.otf><d
:/arthur_usuario/recursos/miktex/fonts/opentype/public/lm/lmsans10-regular.otf><
d:/arthur_usuario/recursos/miktex/fonts/opentype/public/lm/lmsans12-regular.otf>
<d:/arthur_usuario/recursos/miktex/fonts/opentype/public/lm/lmsans8-regular.otf>

Output written on graficos.pdf (12 pages, 855389 bytes).

PDF statistics: 546 PDF objects out of 1000 (max. 8388607)
 27 named destinations out of 1000 (max. 131072)
 32 words of extra memory for PDF output out of 10000 (max. 100000000)

